Classifier: Ridge
 NaN Method: drop

_______________________Subject: P050_______________________

Fold:
1

MSE:
0.8255511643207021

Corr:
-0.25451502077618976

Fold:
2

MSE:
0.9379581666177301

Corr:
-0.23986900499920627

Fold:
3

MSE:
0.6964017178783047

Corr:
-0.12992729394545077

Fold:
4

MSE:
0.6658368350634883

Corr:
-0.22178526531894763

Fold:
5

MSE:
0.8635711925416614

Corr:
-0.2178951681056874

-----Subject Results:


Average MSE: 0.7978638152843773

Average Corr: -0.21279835062909633
p-value:1.0

_______________________Subject: P055_______________________

Fold:
1

MSE:
0.8241514388604922

Corr:
-0.23354872123489576

Fold:
2

MSE:
0.9372139696246495

Corr:
-0.21731967904407953

Fold:
3

MSE:
0.6936961737212405

Corr:
-0.14602184571459695

Fold:
4

MSE:
0.6667987701391326

Corr:
-0.21861469763000269

Fold:
5

MSE:
0.8684718346929549

Corr:
-0.2316639228258385

-----Subject Results:


Average MSE: 0.7980664374076939

Average Corr: -0.2094337732898827
p-value:1.0

_______________________Subject: P056_______________________

Fold:
1

MSE:
0.8270185106854431

Corr:
-0.23770491491576828

Fold:
2

MSE:
0.9378081605234954

Corr:
-0.2103313440147803

Fold:
3

MSE:
0.7006798903687954

Corr:
-0.18403625817455327

Fold:
4

MSE:
0.6622616383741142

Corr:
-0.197854409329847

Fold:
5

MSE:
0.8633873974098514

Corr:
-0.21230348416450412

-----Subject Results:


Average MSE: 0.7982311194723399

Average Corr: -0.20844608211989057
p-value:1.0

_______________________Subject: P058_______________________

Fold:
1

MSE:
0.8253015666532695

Corr:
-0.2410556131185682

Fold:
2

MSE:
0.9364766265760439

Corr:
-0.19941611314652383

Fold:
3

MSE:
0.6990253397886619

Corr:
-0.1641674232123788

Fold:
4

MSE:
0.664933412338079

Corr:
-0.1979687962719001

Fold:
5

MSE:
0.8680451360665513

Corr:
-0.23103177299325706

-----Subject Results:


Average MSE: 0.7987564162845212

Average Corr: -0.2067279437485256
p-value:1.0

_______________________Subject: P059_______________________

Fold:
1

MSE:
0.8203717022144736

Corr:
-0.2223248491148987

Fold:
2

MSE:
0.934599769002608

Corr:
-0.21950556071938704

Fold:
3

MSE:
0.6950431299844279

Corr:
-0.1576837178628102

Fold:
4

MSE:
0.6647461015189193

Corr:
-0.2202254382736384

Fold:
5

MSE:
0.8763421953020989

Corr:
-0.11347761454348666

-----Subject Results:


Average MSE: 0.7982205796045057

Average Corr: -0.1866434361028442
p-value:1.0

_______________________Subject: P069_______________________

Fold:
1

MSE:
0.8239227582087111

Corr:
-0.23302064091490496

Fold:
2

MSE:
0.934576516921668

Corr:
-0.1656312252817902

Fold:
3

MSE:
0.6948384396832241

Corr:
-0.16010249321452905

Fold:
4

MSE:
0.6649162641889965

Corr:
-0.20369399298729568

Fold:
5

MSE:
0.8692366931744345

Corr:
-0.2330563928874705

-----Subject Results:


Average MSE: 0.797498134435407

Average Corr: -0.19910094905719808
p-value:1.0

_______________________Subject: P070_______________________

Fold:
1

MSE:
0.8229799116277532

Corr:
-0.2295217278223533

Fold:
2

MSE:
0.9364587353783808

Corr:
-0.2121172950484329

Fold:
3

MSE:
0.6956504451193098

Corr:
-0.1375207344332349

Fold:
4

MSE:
0.666378824659142

Corr:
-0.24141042218585063

Fold:
5

MSE:
0.870285628178005

Corr:
-0.2665465954205904

-----Subject Results:


Average MSE: 0.7983507089925183

Average Corr: -0.21742335498209245
p-value:1.0

_______________________Subject: P071_______________________

Fold:
1

MSE:
0.8268658326784151

Corr:
-0.23650958924019505

Fold:
2

MSE:
0.9360324858050462

Corr:
-0.21066929591038674

Fold:
3

MSE:
0.692505536776598

Corr:
-0.1097796431257351

Fold:
4

MSE:
0.6653676622300819

Corr:
-0.21415034808096758

Fold:
5

MSE:
0.8678583334204596

Corr:
-0.230347293409299

-----Subject Results:


Average MSE: 0.7977259701821201

Average Corr: -0.20029123395331666
p-value:1.0

_______________________Subject: P078_______________________

Fold:
1

MSE:
0.8222803056335506

Corr:
-0.2100862142022634

Fold:
2

MSE:
0.936072870134014

Corr:
-0.2001827046000027

Fold:
3

MSE:
0.6956184207315046

Corr:
-0.12296361494685853

Fold:
4

MSE:
0.6626577440647182

Corr:
-0.18520088455912467

Fold:
5

MSE:
0.8679518972702249

Corr:
-0.21967885111159152

-----Subject Results:


Average MSE: 0.7969162475668023

Average Corr: -0.18762245388396814
p-value:1.0

_______________________Subject: P054_______________________

Fold:
1

MSE:
0.8252768537441101

Corr:
-0.2635149215875164

Fold:
2

MSE:
0.9418651584700564

Corr:
-0.2545325760749689

Fold:
3

MSE:
0.6980539438159884

Corr:
-0.1665854128572176

Fold:
4

MSE:
0.6685146715601746

Corr:
-0.2673789993747347

Fold:
5

MSE:
0.8691525528728737

Corr:
-0.2543809938898761

-----Subject Results:


Average MSE: 0.8005726360926406

Average Corr: -0.24127858075686276
p-value:1.0

_______________________Subject: P057_______________________

Fold:
1

MSE:
0.8223547096286801

Corr:
-0.23651687756747197

Fold:
2

MSE:
0.9325522364474358

Corr:
-0.1852217334463661

Fold:
3

MSE:
0.6945968415049139

Corr:
-0.1336883655599733

Fold:
4

MSE:
0.665165283563679

Corr:
-0.21596412316419708

Fold:
5

MSE:
0.8678758455762916

Corr:
-0.24249057234321902

-----Subject Results:


Average MSE: 0.7965089833442001

Average Corr: -0.2027763344162455
p-value:1.0

_______________________Subject: P064_______________________

Fold:
1

MSE:
0.8185567205679678

Corr:
-0.24098342163582737

Fold:
2

MSE:
0.9327378962930772

Corr:
-0.20707321389434402

Fold:
3

MSE:
0.6945425663663654

Corr:
-0.09283511844273966

Fold:
4

MSE:
0.6671585090721053

Corr:
-0.23389319735116915

Fold:
5

MSE:
0.8684596486926512

Corr:
-0.22658517998072153

-----Subject Results:


Average MSE: 0.7962910681984333

Average Corr: -0.2002740262609603
p-value:1.0

_______________________Subject: P065_______________________

Fold:
1

MSE:
0.8231383651633445

Corr:
-0.25282580703763285

Fold:
2

MSE:
0.9384701339730167

Corr:
-0.20342211899286766

Fold:
3

MSE:
0.6922276323349175

Corr:
-0.09808578258281403

Fold:
4

MSE:
0.6653516859364795

Corr:
-0.1998520056226472

Fold:
5

MSE:
0.8665732516001053

Corr:
-0.23756728527066984

-----Subject Results:


Average MSE: 0.7971522138015728

Average Corr: -0.19835059990132634
p-value:1.0

_______________________Subject: P067_______________________

Fold:
1

MSE:
0.8252186735115714

Corr:
-0.23357457780295268

Fold:
2

MSE:
0.9410350996257014

Corr:
-0.23219719386515153

Fold:
3

MSE:
0.6984915526942608

Corr:
-0.15744159445379113

Fold:
4

MSE:
0.6652290633369082

Corr:
-0.22466140621293945

Fold:
5

MSE:
0.8674025318763304

Corr:
-0.24730925077686716

-----Subject Results:


Average MSE: 0.7994753842089544

Average Corr: -0.2190368046223404
p-value:1.0

_______________________Subject: P068_______________________

Fold:
1

MSE:
0.8247764592607041

Corr:
-0.23780069414336563

Fold:
2

MSE:
0.935931575710619

Corr:
-0.2118811374862747

Fold:
3

MSE:
0.696219297357826

Corr:
-0.1374159739399162

Fold:
4

MSE:
0.6671661332139353

Corr:
-0.22507615283654303

Fold:
5

MSE:
0.8653970518527231

Corr:
-0.2405668615168877

-----Subject Results:


Average MSE: 0.7978981034791615

Average Corr: -0.21054816398459747
p-value:1.0

_______________________Subject: P072_______________________

Fold:
1

MSE:
0.8213198968057785

Corr:
-0.21911326518325064

Fold:
2

MSE:
0.9344635417918775

Corr:
-0.1914651767654176

Fold:
3

MSE:
0.7004603543312832

Corr:
-0.13154031099020727

Fold:
4

MSE:
0.658007608512176

Corr:
-0.1593594540183377

Fold:
5

MSE:
0.8655045086934076

Corr:
-0.18939030623586536

-----Subject Results:


Average MSE: 0.7959511820269045

Average Corr: -0.1781737026386157
p-value:1.0

_______________________Subject: P073_______________________

Fold:
1

MSE:
0.823324961084451

Corr:
-0.2504010561249453

Fold:
2

MSE:
0.9347731614326429

Corr:
-0.22427147938627967

Fold:
3

MSE:
0.6961950185235593

Corr:
-0.15393249023739738

Fold:
4

MSE:
0.666132949285013

Corr:
-0.24951988036522788

Fold:
5

MSE:
0.8677278820599754

Corr:
-0.2401627892605089

-----Subject Results:


Average MSE: 0.7976307944771281

Average Corr: -0.2236575390748718
p-value:1.0

_______________________Subject: P075_______________________

Fold:
1

MSE:
0.8237213220483355

Corr:
-0.2433594382542323

Fold:
2

MSE:
0.9379670608002888

Corr:
-0.21550327869832206

Fold:
3

MSE:
0.6937706581311442

Corr:
-0.11839706473646865

Fold:
4

MSE:
0.6654772012599351

Corr:
-0.2166085927853576

Fold:
5

MSE:
0.865606584690816

Corr:
-0.2271497442721316

-----Subject Results:


Average MSE: 0.7973085653861038

Average Corr: -0.20420362374930243
p-value:1.0

_______________________Subject: P076_______________________

Fold:
1

MSE:
0.8242739673603096

Corr:
-0.23137581629967785

Fold:
2

MSE:
0.9405550027126518

Corr:
-0.2078638358357878

Fold:
3

MSE:
0.6944343068699035

Corr:
-0.11577371782615639

Fold:
4

MSE:
0.6658222821910222

Corr:
-0.22505226593023892

Fold:
5

MSE:
0.8668492793294693

Corr:
-0.22365539309713897

-----Subject Results:


Average MSE: 0.7983869676926713

Average Corr: -0.2007442057978
p-value:1.0

_______________________Subject: P080_______________________

Fold:
1

MSE:
0.8224137205420838

Corr:
-0.22641324596288567

Fold:
2

MSE:
0.9376192621752105

Corr:
-0.20272297066269054

Fold:
3

MSE:
0.693657813771843

Corr:
-0.15186163625092827

Fold:
4

MSE:
0.6646522080068081

Corr:
-0.20201063688328902

Fold:
5

MSE:
0.8687014842657499

Corr:
-0.24097486644030963

-----Subject Results:


Average MSE: 0.7974088977523391

Average Corr: -0.2047966712400206
p-value:1.0

_______________________Subject: P081_______________________

Fold:
1

MSE:
0.8284967474065835

Corr:
-0.2746002323616438

Fold:
2

MSE:
0.9373262951962882

Corr:
-0.20630305750083885

Fold:
3

MSE:
0.6992848689124099

Corr:
-0.17432541532238208

Fold:
4

MSE:
0.6639003360480096

Corr:
-0.2445443847735899

Fold:
5

MSE:
0.8681869176902248

Corr:
-0.2428996447926049

-----Subject Results:


Average MSE: 0.7994390330507033

Average Corr: -0.2285345469502119
p-value:1.0

_______________________All Subjects Results_______________________


Average MSE:0.7978882504162428

Average Corr:-0.20670773224571287
