Classifier: Ridge
 NaN Method: drop

_______________________Subject: P050_______________________

Fold:
1

MSE:
0.031288367612809204

Corr:
0.8281828940363261

Fold:
2

MSE:
0.03436823070040444

Corr:
0.8196391012105602

Fold:
3

MSE:
0.029071251393710293

Corr:
0.8369994628821082

Fold:
4

MSE:
0.028542340895307827

Corr:
0.8337597507798437

Fold:
5

MSE:
0.03270625573539323

Corr:
0.8227259405902939

-----Subject Results:


Average MSE: 0.031195289267525

Average Corr: 0.8282614298998265
p-value:1.0

_______________________Subject: P055_______________________

Fold:
1

MSE:
0.031280665230660296

Corr:
0.8282538065561657

Fold:
2

MSE:
0.03436299202064908

Corr:
0.8197293301264541

Fold:
3

MSE:
0.02907823914375618

Corr:
0.8369429016190651

Fold:
4

MSE:
0.02858020528478751

Corr:
0.8335448927136784

Fold:
5

MSE:
0.032771550543903044

Corr:
0.8224247659149435

-----Subject Results:


Average MSE: 0.031214730444751225

Average Corr: 0.8281791393860614
p-value:1.0

_______________________Subject: P056_______________________

Fold:
1

MSE:
0.031337376190743976

Corr:
0.8280173774548728

Fold:
2

MSE:
0.03436511999330875

Corr:
0.8197410404762806

Fold:
3

MSE:
0.029182027623161366

Corr:
0.836321428434401

Fold:
4

MSE:
0.028516422963218865

Corr:
0.8339214166840977

Fold:
5

MSE:
0.03265438306885481

Corr:
0.8230947023459536

-----Subject Results:


Average MSE: 0.031211065967857554

Average Corr: 0.8282191930791211
p-value:1.0

_______________________Subject: P058_______________________

Fold:
1

MSE:
0.03131583006330329

Corr:
0.8280340030591715

Fold:
2

MSE:
0.03432177955481893

Corr:
0.8200117373127934

Fold:
3

MSE:
0.02916339332043961

Corr:
0.8363296427855773

Fold:
4

MSE:
0.028549964289237267

Corr:
0.8338354784020476

Fold:
5

MSE:
0.032766667642188683

Corr:
0.8224496965508181

-----Subject Results:


Average MSE: 0.031223526973997558

Average Corr: 0.8281321116220817
p-value:1.0

_______________________Subject: P059_______________________

Fold:
1

MSE:
0.031167332261236632

Corr:
0.8289669843178302

Fold:
2

MSE:
0.03428450885402585

Corr:
0.8201444464629735

Fold:
3

MSE:
0.02906582976099048

Corr:
0.8370187843627055

Fold:
4

MSE:
0.028557243428515993

Corr:
0.8336781223810943

Fold:
5

MSE:
0.03276768741540556

Corr:
0.8224413446160581

-----Subject Results:


Average MSE: 0.0311685203440349

Average Corr: 0.8284499364281324
p-value:1.0

_______________________Subject: P069_______________________

Fold:
1

MSE:
0.03126194841683431

Corr:
0.8282728779328807

Fold:
2

MSE:
0.03428475156595967

Corr:
0.8201896442438809

Fold:
3

MSE:
0.029115289872029215

Corr:
0.8365287229552478

Fold:
4

MSE:
0.028544783446652167

Corr:
0.833762141551767

Fold:
5

MSE:
0.03280261833870339

Corr:
0.8222945122533024

-----Subject Results:


Average MSE: 0.031201878328035747

Average Corr: 0.8282095797874158
p-value:1.0

_______________________Subject: P070_______________________

Fold:
1

MSE:
0.031233815791609252

Corr:
0.8285771760934569

Fold:
2

MSE:
0.03433457564846466

Corr:
0.8198545935101037

Fold:
3

MSE:
0.029091014824200113

Corr:
0.8367677807001208

Fold:
4

MSE:
0.028597933749265822

Corr:
0.8334697343664522

Fold:
5

MSE:
0.03283449354422125

Corr:
0.8219922982769907

-----Subject Results:


Average MSE: 0.03121836671155222

Average Corr: 0.8281323165894248
p-value:1.0

_______________________Subject: P071_______________________

Fold:
1

MSE:
0.03126191857658803

Corr:
0.8284428141047337

Fold:
2

MSE:
0.03433391985082355

Corr:
0.8198432660150387

Fold:
3

MSE:
0.02906741322553884

Corr:
0.8369786753491991

Fold:
4

MSE:
0.028586148993871907

Corr:
0.8335461090933807

Fold:
5

MSE:
0.032787237959294245

Corr:
0.8223330423566847

-----Subject Results:


Average MSE: 0.03120732772122331

Average Corr: 0.8282287813838073
p-value:1.0

_______________________Subject: P078_______________________

Fold:
1

MSE:
0.031208224410710157

Corr:
0.8287276590053356

Fold:
2

MSE:
0.034324270692014526

Corr:
0.8199272628590474

Fold:
3

MSE:
0.02910961833069918

Corr:
0.8366671461108255

Fold:
4

MSE:
0.02848609692629861

Corr:
0.8341738477344878

Fold:
5

MSE:
0.0327467948166966

Corr:
0.822614566684469

-----Subject Results:


Average MSE: 0.03117500103528382

Average Corr: 0.828422096478833
p-value:1.0

_______________________Subject: P054_______________________

Fold:
1

MSE:
0.03129315710701067

Corr:
0.8281731357374408

Fold:
2

MSE:
0.03445079466995148

Corr:
0.819158445419127

Fold:
3

MSE:
0.0291164416010417

Corr:
0.8367337530488085

Fold:
4

MSE:
0.028664620526978036

Corr:
0.8330477729551248

Fold:
5

MSE:
0.03280227681454464

Corr:
0.8221831499625557

-----Subject Results:


Average MSE: 0.03126545814390531

Average Corr: 0.8278592514246114
p-value:1.0

_______________________Subject: P057_______________________

Fold:
1

MSE:
0.03122401193859071

Corr:
0.8285115557394447

Fold:
2

MSE:
0.03425906698820266

Corr:
0.8203281278366353

Fold:
3

MSE:
0.0290800698092052

Corr:
0.8367431317501862

Fold:
4

MSE:
0.028519245083014705

Corr:
0.833943325902886

Fold:
5

MSE:
0.03279506211079405

Corr:
0.8221386825640207

-----Subject Results:


Average MSE: 0.031175491185961468

Average Corr: 0.8283329647586346
p-value:1.0

_______________________Subject: P064_______________________

Fold:
1

MSE:
0.03122198842520955

Corr:
0.8286322449693599

Fold:
2

MSE:
0.034284006838891

Corr:
0.8202340297782962

Fold:
3

MSE:
0.02906318630533286

Corr:
0.8370388501892874

Fold:
4

MSE:
0.028584976432053117

Corr:
0.833541971248166

Fold:
5

MSE:
0.032774120739843586

Corr:
0.8223966456244898

-----Subject Results:


Average MSE: 0.03118565574826602

Average Corr: 0.8283687483619196
p-value:1.0

_______________________Subject: P065_______________________

Fold:
1

MSE:
0.03127786321736239

Corr:
0.8282041028345225

Fold:
2

MSE:
0.034369579481226216

Corr:
0.8196878597144767

Fold:
3

MSE:
0.028998260381381022

Corr:
0.8374260650510768

Fold:
4

MSE:
0.028551752080615417

Corr:
0.8336827370145623

Fold:
5

MSE:
0.032775215803290486

Corr:
0.8223419161095508

-----Subject Results:


Average MSE: 0.031194534192775104

Average Corr: 0.8282685361448378
p-value:1.0

_______________________Subject: P067_______________________

Fold:
1

MSE:
0.03126149594279266

Corr:
0.8283549186706469

Fold:
2

MSE:
0.034401261720898794

Corr:
0.8195141342258816

Fold:
3

MSE:
0.029119411508760434

Corr:
0.8367143896047952

Fold:
4

MSE:
0.028619667087534783

Corr:
0.8333361299592308

Fold:
5

MSE:
0.03281091331500335

Corr:
0.8221998289064781

-----Subject Results:


Average MSE: 0.031242549914998002

Average Corr: 0.8280238802734065
p-value:1.0

_______________________Subject: P068_______________________

Fold:
1

MSE:
0.031256816638779474

Corr:
0.8284300967368607

Fold:
2

MSE:
0.034298443629594715

Corr:
0.8201217551448182

Fold:
3

MSE:
0.029118282452921824

Corr:
0.8368302651761143

Fold:
4

MSE:
0.028596360896549152

Corr:
0.8334416611588301

Fold:
5

MSE:
0.03272049056728652

Corr:
0.8226156855447081

-----Subject Results:


Average MSE: 0.031198078837026338

Average Corr: 0.8282878927522663
p-value:1.0

_______________________Subject: P072_______________________

Fold:
1

MSE:
0.0312207624986386

Corr:
0.8286984062358578

Fold:
2

MSE:
0.03425200315245868

Corr:
0.820348898147308

Fold:
3

MSE:
0.029165228850689878

Corr:
0.836392028150542

Fold:
4

MSE:
0.02842673836282855

Corr:
0.8345818872007124

Fold:
5

MSE:
0.032651431125000054

Corr:
0.8229125061114513

-----Subject Results:


Average MSE: 0.031143232797923154

Average Corr: 0.8285867451691743
p-value:1.0

_______________________Subject: P073_______________________

Fold:
1

MSE:
0.031224841499327183

Corr:
0.8286037079077118

Fold:
2

MSE:
0.0343047398509122

Corr:
0.8200012706734443

Fold:
3

MSE:
0.029093941057699076

Corr:
0.8368630483812266

Fold:
4

MSE:
0.028617070150397952

Corr:
0.8333245195445711

Fold:
5

MSE:
0.032747249786474426

Corr:
0.8226158990108966

-----Subject Results:


Average MSE: 0.031197568468962166

Average Corr: 0.82828168910357
p-value:1.0

_______________________Subject: P075_______________________

Fold:
1

MSE:
0.03123780166760946

Corr:
0.8285177445347511

Fold:
2

MSE:
0.03432857014290653

Corr:
0.8197696212872239

Fold:
3

MSE:
0.029051868994265578

Corr:
0.8371282562320846

Fold:
4

MSE:
0.02861536654861693

Corr:
0.8334167052240532

Fold:
5

MSE:
0.03269678119260536

Corr:
0.8227529956264216

-----Subject Results:


Average MSE: 0.03118607770920077

Average Corr: 0.8283170645809068
p-value:1.0

_______________________Subject: P076_______________________

Fold:
1

MSE:
0.03127720790869041

Corr:
0.8283758084383293

Fold:
2

MSE:
0.03439545428617083

Corr:
0.8195799194371695

Fold:
3

MSE:
0.029068041351306667

Corr:
0.8369734072256715

Fold:
4

MSE:
0.028575835287342283

Corr:
0.8335865025874297

Fold:
5

MSE:
0.0327697314221952

Corr:
0.8225084396300726

-----Subject Results:


Average MSE: 0.031217254051141074

Average Corr: 0.8282048154637345
p-value:1.0

_______________________Subject: P080_______________________

Fold:
1

MSE:
0.03125417009391637

Corr:
0.8283509141709434

Fold:
2

MSE:
0.034342297457319225

Corr:
0.8198196922167138

Fold:
3

MSE:
0.029077575023480264

Corr:
0.8368592769675058

Fold:
4

MSE:
0.02857468926875795

Corr:
0.8335758444578073

Fold:
5

MSE:
0.032772299809605

Corr:
0.8224461342387002

-----Subject Results:


Average MSE: 0.031204206330615762

Average Corr: 0.8282103724103342
p-value:1.0

_______________________Subject: P081_______________________

Fold:
1

MSE:
0.03135035175867717

Corr:
0.8279175552008097

Fold:
2

MSE:
0.03434163848449125

Corr:
0.8198565186487218

Fold:
3

MSE:
0.029148062218888337

Corr:
0.8364830195313325

Fold:
4

MSE:
0.028601747419754894

Corr:
0.8333973067407703

Fold:
5

MSE:
0.032770444056028775

Corr:
0.8224201692814104

-----Subject Results:


Average MSE: 0.03124244878756809

Average Corr: 0.8280149138806088
p-value:1.0

_______________________All Subjects Results_______________________


Average MSE:0.031203250617266882

Average Corr:0.8282376885227956
Classifier: Ridge
 NaN Method: drop

_______________________Subject: P050_______________________
