Classifier: Ridge
 NaN Method: drop

_______________________Subject: P050_______________________

Fold:
1

MSE:
1.038262445678867

Corr:
-0.19778647449553027

Fold:
2

MSE:
0.9832944721516178

Corr:
-0.21869662653543523

Fold:
3

MSE:
0.7266986094036814

Corr:
-0.2255901224132194

Fold:
4

MSE:
0.9726247563944892

Corr:
-0.15185760576374846

Fold:
5

MSE:
1.1631043396519345

Corr:
-0.17582930172229444

-----Subject Results:


Average MSE: 0.9767969246561179

Average Corr: -0.1939520261860456
p-value:1.0

_______________________Subject: P055_______________________

Fold:
1

MSE:
1.0381492122892995

Corr:
-0.1793642897140216

Fold:
2

MSE:
0.9830518920596159

Corr:
-0.20527627496563802

Fold:
3

MSE:
0.7271048205501961

Corr:
-0.24606357934497008

Fold:
4

MSE:
0.9761183439753843

Corr:
-0.1951114401503259

Fold:
5

MSE:
1.1705356458778033

Corr:
-0.20239096140846918

-----Subject Results:


Average MSE: 0.9789919829504597

Average Corr: -0.20564130911668496
p-value:1.0

_______________________Subject: P056_______________________

Fold:
1

MSE:
1.037296078217309

Corr:
-0.15568508629320463

Fold:
2

MSE:
0.9879248446707292

Corr:
-0.2265240826103448

Fold:
3

MSE:
0.7208220852870589

Corr:
-0.1830606214818147

Fold:
4

MSE:
0.9671646372538962

Corr:
-0.10727235004958811

Fold:
5

MSE:
1.163510983756285

Corr:
-0.1737808989510948

-----Subject Results:


Average MSE: 0.9753437258370556

Average Corr: -0.1692646078772094
p-value:1.0

_______________________Subject: P058_______________________

Fold:
1

MSE:
1.0421538119313491

Corr:
-0.1989332615054445

Fold:
2

MSE:
0.9875711073519435

Corr:
-0.24315997521020324

Fold:
3

MSE:
0.7313759643567834

Corr:
-0.23945895144762713

Fold:
4

MSE:
0.97301764672707

Corr:
-0.16249982009214156

Fold:
5

MSE:
1.1694603742040621

Corr:
-0.20927275974988466

-----Subject Results:


Average MSE: 0.9807157809142417

Average Corr: -0.21066495360106022
p-value:1.0

_______________________Subject: P059_______________________

Fold:
1

MSE:
1.0340148532458642

Corr:
-0.1620056874145558

Fold:
2

MSE:
0.9820839429412775

Corr:
-0.22090534773453405

Fold:
3

MSE:
0.7218376057575095

Corr:
-0.20843043881113568

Fold:
4

MSE:
0.9749541753824383

Corr:
-0.15643083022184406

Fold:
5

MSE:
1.1646176023230264

Corr:
-0.19769672905672048

-----Subject Results:


Average MSE: 0.9755016359300231

Average Corr: -0.18909380664775802
p-value:1.0

_______________________Subject: P069_______________________

Fold:
1

MSE:
1.0372969192331847

Corr:
-0.16922748488369785

Fold:
2

MSE:
0.9895778881149784

Corr:
-0.22800934448490512

Fold:
3

MSE:
0.7255999920130043

Corr:
-0.2069123384774744

Fold:
4

MSE:
0.9710228612662102

Corr:
-0.16144946769410212

Fold:
5

MSE:
1.1647893373344658

Corr:
-0.18590338372644744

-----Subject Results:


Average MSE: 0.9776573995923685

Average Corr: -0.19030040385332536
p-value:1.0

_______________________Subject: P070_______________________

Fold:
1

MSE:
1.042847832119467

Corr:
-0.17354100998636904

Fold:
2

MSE:
0.9864206701500317

Corr:
-0.24275320527494734

Fold:
3

MSE:
0.7259360028357555

Corr:
-0.21150594462261607

Fold:
4

MSE:
0.9803180112297751

Corr:
-0.18463497524695172

Fold:
5

MSE:
1.1664460925886089

Corr:
-0.2170650741698062

-----Subject Results:


Average MSE: 0.9803937217847277

Average Corr: -0.20590004186013808
p-value:1.0

_______________________Subject: P071_______________________

Fold:
1

MSE:
1.0381998823188983

Corr:
-0.16642589224916793

Fold:
2

MSE:
0.9842313092911621

Corr:
-0.2391764576538925

Fold:
3

MSE:
0.727907010173386

Corr:
-0.21217683548625943

Fold:
4

MSE:
0.9695670450762286

Corr:
-0.12320178505943453

Fold:
5

MSE:
1.1707511951939717

Corr:
-0.19324297103135007

-----Subject Results:


Average MSE: 0.9781312884107294

Average Corr: -0.1868447882960209
p-value:1.0

_______________________Subject: P078_______________________

Fold:
1

MSE:
1.041058564905491

Corr:
-0.16230114643696

Fold:
2

MSE:
0.98916287007599

Corr:
-0.23891505639483582

Fold:
3

MSE:
0.7316688404432476

Corr:
-0.2044536248085002

Fold:
4

MSE:
0.9655828894775775

Corr:
-0.1263841776994063

Fold:
5

MSE:
1.1599700013174015

Corr:
-0.1791865103853043

-----Subject Results:


Average MSE: 0.9774886332439415

Average Corr: -0.18224810314500134
p-value:1.0

_______________________Subject: P054_______________________

Fold:
1

MSE:
1.0397725585831168

Corr:
-0.1672291945394873

Fold:
2

MSE:
0.9838557558123329

Corr:
-0.22906478340408634

Fold:
3

MSE:
0.7257963416935687

Corr:
-0.22868159662807416

Fold:
4

MSE:
0.9790052172411281

Corr:
-0.16650951936052735

Fold:
5

MSE:
1.1685917334357028

Corr:
-0.196358095096657

-----Subject Results:


Average MSE: 0.9794043213531698

Average Corr: -0.19756863780576644
p-value:1.0

_______________________Subject: P057_______________________

Fold:
1

MSE:
1.036230433294379

Corr:
-0.16766186658523058

Fold:
2

MSE:
0.9850081900826885

Corr:
-0.2331796399604337

Fold:
3

MSE:
0.7301114860762994

Corr:
-0.22508458541991003

Fold:
4

MSE:
0.9743182064478365

Corr:
-0.16209581524911812

Fold:
5

MSE:
1.1699419028587985

Corr:
-0.21861404917386582

-----Subject Results:


Average MSE: 0.9791220437520003

Average Corr: -0.20132719127771165
p-value:1.0

_______________________Subject: P064_______________________

Fold:
1

MSE:
1.0380285726036302

Corr:
-0.16245211677249058

Fold:
2

MSE:
0.9852572969979579

Corr:
-0.23091963176147573

Fold:
3

MSE:
0.7281064389835215

Corr:
-0.21227175813799742

Fold:
4

MSE:
0.9708461105049295

Corr:
-0.1453204648046282

Fold:
5

MSE:
1.1667807348392532

Corr:
-0.1783974930068378

-----Subject Results:


Average MSE: 0.9778038307858583

Average Corr: -0.18587229289668594
p-value:1.0

_______________________Subject: P065_______________________

Fold:
1

MSE:
1.0392559404037514

Corr:
-0.1597788438124351

Fold:
2

MSE:
0.984946956118041

Corr:
-0.2111048469609625

Fold:
3

MSE:
0.7209098304312582

Corr:
-0.1851227517072442

Fold:
4

MSE:
0.9732287669941779

Corr:
-0.17243089777732465

Fold:
5

MSE:
1.1644419313004097

Corr:
-0.19488634805790747

-----Subject Results:


Average MSE: 0.9765566850495275

Average Corr: -0.1846647376631748
p-value:1.0

_______________________Subject: P067_______________________

Fold:
1

MSE:
1.042922249131223

Corr:
-0.20277971819364982

Fold:
2

MSE:
0.9833040473197328

Corr:
-0.22021578505357337

Fold:
3

MSE:
0.7307094692815144

Corr:
-0.22519904686033906

Fold:
4

MSE:
0.9755361602895036

Corr:
-0.16979263084320642

Fold:
5

MSE:
1.1678147874474962

Corr:
-0.19249586888713155

-----Subject Results:


Average MSE: 0.9800573426938939

Average Corr: -0.20209660996758005
p-value:1.0

_______________________Subject: P068_______________________

Fold:
1

MSE:
1.0404732053224421

Corr:
-0.1830690169525891

Fold:
2

MSE:
0.9839725533610618

Corr:
-0.23519577063880084

Fold:
3

MSE:
0.7289467449001228

Corr:
-0.2394710402830383

Fold:
4

MSE:
0.9790970091052081

Corr:
-0.20547582925129204

Fold:
5

MSE:
1.1656397131079876

Corr:
-0.21490714534432936

-----Subject Results:


Average MSE: 0.9796258451593646

Average Corr: -0.21562376049400994
p-value:1.0

_______________________Subject: P072_______________________

Fold:
1

MSE:
1.0325412304808332

Corr:
-0.15079798541515313

Fold:
2

MSE:
0.9819638721923912

Corr:
-0.19117181975734074

Fold:
3

MSE:
0.7290430306856039

Corr:
-0.14055542072535024

Fold:
4

MSE:
0.9713921858387493

Corr:
-0.08674106616604765

Fold:
5

MSE:
1.1645390917649052

Corr:
-0.16405402998054758

-----Subject Results:


Average MSE: 0.9758958821924967

Average Corr: -0.14666406440888785
p-value:0.9

_______________________Subject: P073_______________________

Fold:
1

MSE:
1.0369285722839319

Corr:
-0.17663399079701572

Fold:
2

MSE:
0.9846739164441983

Corr:
-0.22177125463980216

Fold:
3

MSE:
0.7255696806079192

Corr:
-0.2267308060382076

Fold:
4

MSE:
0.9784701012483883

Corr:
-0.203727782663318

Fold:
5

MSE:
1.16419202758074

Corr:
-0.21178158764644744

-----Subject Results:


Average MSE: 0.9779668596330355

Average Corr: -0.20812908435695818
p-value:1.0

_______________________Subject: P075_______________________

Fold:
1

MSE:
1.033827653973863

Corr:
-0.1467682455891278

Fold:
2

MSE:
0.9847245235868678

Corr:
-0.21897111866890986

Fold:
3

MSE:
0.7290897783554622

Corr:
-0.18966431455708913

Fold:
4

MSE:
0.9752555662628781

Corr:
-0.1622536593888246

Fold:
5

MSE:
1.1610084802049323

Corr:
-0.16852245301863386

-----Subject Results:


Average MSE: 0.9767812004768007

Average Corr: -0.17723595824451704
p-value:1.0

_______________________Subject: P076_______________________

Fold:
1

MSE:
1.0396818258987952

Corr:
-0.16036285786716595

Fold:
2

MSE:
0.9919590057787872

Corr:
-0.22504068839366306

Fold:
3

MSE:
0.725503600837889

Corr:
-0.20201157326178645

Fold:
4

MSE:
0.9692945600316101

Corr:
-0.13449610323788988

Fold:
5

MSE:
1.1661286614931794

Corr:
-0.1843460476871233

-----Subject Results:


Average MSE: 0.9785135308080521

Average Corr: -0.18125145408952573
p-value:1.0

_______________________Subject: P080_______________________

Fold:
1

MSE:
1.039710106982345

Corr:
-0.16653827883124214

Fold:
2

MSE:
0.9836742651732558

Corr:
-0.22751668120465668

Fold:
3

MSE:
0.7216950386583804

Corr:
-0.1922126437026359

Fold:
4

MSE:
0.973999582175608

Corr:
-0.16158237901064468

Fold:
5

MSE:
1.16523369956053

Corr:
-0.19976341247220383

-----Subject Results:


Average MSE: 0.9768625385100238

Average Corr: -0.18952267904427664
p-value:1.0

_______________________Subject: P081_______________________

Fold:
1

MSE:
1.0464255744096762

Corr:
-0.19766310867719586

Fold:
2

MSE:
0.9801242611874539

Corr:
-0.2095392268632365

Fold:
3

MSE:
0.7267269424562153

Corr:
-0.22191575139992686

Fold:
4

MSE:
0.9752196644780404

Corr:
-0.16504758744018316

Fold:
5

MSE:
1.1671985963126978

Corr:
-0.19930946312794137

-----Subject Results:


Average MSE: 0.9791390077688169

Average Corr: -0.19869502750169674
p-value:1.0

_______________________All Subjects Results_______________________


Average MSE:0.9780357229287003

Average Corr:-0.19155054944447786
