Classifier: Ridge
 NaN Method: drop

_______________________Subject: P050_______________________

Fold:
1

MSE:
0.04208156625885823

Corr:
0.7879570829157898

Fold:
2

MSE:
0.04000955054711799

Corr:
0.7864238329133048

Fold:
3

MSE:
0.03417528173332146

Corr:
0.8040069016534441

Fold:
4

MSE:
0.03932226611448272

Corr:
0.7872090397209096

Fold:
5

MSE:
0.04385580820899292

Corr:
0.7681943992468261

-----Subject Results:


Average MSE: 0.039888894572554665

Average Corr: 0.7867582512900548
p-value:1.0

_______________________Subject: P055_______________________

Fold:
1

MSE:
0.042110699376979775

Corr:
0.7878448448008015

Fold:
2

MSE:
0.0400570641112016

Corr:
0.7862385987398499

Fold:
3

MSE:
0.034165222085372995

Corr:
0.8040360260755074

Fold:
4

MSE:
0.039413315399950015

Corr:
0.7865634870477435

Fold:
5

MSE:
0.043977606079033005

Corr:
0.7675519784686217

-----Subject Results:


Average MSE: 0.03994478141050748

Average Corr: 0.7864469870265048
p-value:1.0

_______________________Subject: P056_______________________

Fold:
1

MSE:
0.042052411476688166

Corr:
0.7881653139184179

Fold:
2

MSE:
0.04013903018829015

Corr:
0.785681710421193

Fold:
3

MSE:
0.03403751204367784

Corr:
0.8049123935844626

Fold:
4

MSE:
0.03918058928842911

Corr:
0.7881519801023539

Fold:
5

MSE:
0.04384907289391838

Corr:
0.7683012597979454

-----Subject Results:


Average MSE: 0.039851723178200724

Average Corr: 0.7870425315648746
p-value:1.0

_______________________Subject: P058_______________________

Fold:
1

MSE:
0.04216777805225447

Corr:
0.7874620909453547

Fold:
2

MSE:
0.040131250297259176

Corr:
0.7856502563148466

Fold:
3

MSE:
0.03423380529279687

Corr:
0.8035349163177509

Fold:
4

MSE:
0.03930409795166074

Corr:
0.7874468246062771

Fold:
5

MSE:
0.04398083980710337

Corr:
0.7674075018601004

-----Subject Results:


Average MSE: 0.039963554280214926

Average Corr: 0.7863003180088659
p-value:1.0

_______________________Subject: P059_______________________

Fold:
1

MSE:
0.04197617635425038

Corr:
0.7887784378598165

Fold:
2

MSE:
0.039961022232297666

Corr:
0.7867044431678636

Fold:
3

MSE:
0.0341001939961574

Corr:
0.8045027554958464

Fold:
4

MSE:
0.03933310958214175

Corr:
0.7872161980983788

Fold:
5

MSE:
0.04391361023223722

Corr:
0.7679033020343301

-----Subject Results:


Average MSE: 0.03985682247941689

Average Corr: 0.7870210273312471
p-value:1.0

_______________________Subject: P069_______________________

Fold:
1

MSE:
0.04208424084263509

Corr:
0.7880401967610715

Fold:
2

MSE:
0.04012378482136628

Corr:
0.7856782350865423

Fold:
3

MSE:
0.034138950092385434

Corr:
0.8041616429901001

Fold:
4

MSE:
0.03928419329417595

Corr:
0.7875141312521603

Fold:
5

MSE:
0.04392483123879646

Corr:
0.767776564306821

-----Subject Results:


Average MSE: 0.03991120005787184

Average Corr: 0.786634154079339
p-value:1.0

_______________________Subject: P070_______________________

Fold:
1

MSE:
0.04219047209024052

Corr:
0.7876031054956563

Fold:
2

MSE:
0.04012217076682298

Corr:
0.7857813541802096

Fold:
3

MSE:
0.03415208850442716

Corr:
0.8041336719076414

Fold:
4

MSE:
0.039407301280346106

Corr:
0.7868631816374754

Fold:
5

MSE:
0.04393469697916506

Corr:
0.7677051380993881

-----Subject Results:


Average MSE: 0.039961345924200364

Average Corr: 0.786417290264074
p-value:1.0

_______________________Subject: P071_______________________

Fold:
1

MSE:
0.04202378253816306

Corr:
0.7883109796871041

Fold:
2

MSE:
0.0400982359513489

Corr:
0.7858310509471693

Fold:
3

MSE:
0.03419626789135363

Corr:
0.8038388822080055

Fold:
4

MSE:
0.0392437319959262

Corr:
0.7878539654612016

Fold:
5

MSE:
0.04402758053677746

Corr:
0.7672201731890792

-----Subject Results:


Average MSE: 0.03991791978271385

Average Corr: 0.786611010298512
p-value:1.0

_______________________Subject: P078_______________________

Fold:
1

MSE:
0.04207382104785486

Corr:
0.7882523042043765

Fold:
2

MSE:
0.04016706338759587

Corr:
0.7854364323999445

Fold:
3

MSE:
0.03419001755971788

Corr:
0.8038730000227929

Fold:
4

MSE:
0.03918011677324309

Corr:
0.7881454559308485

Fold:
5

MSE:
0.04386710868355914

Corr:
0.7681249495569786

-----Subject Results:


Average MSE: 0.039895625490394174

Average Corr: 0.7867664284229883
p-value:1.0

_______________________Subject: P054_______________________

Fold:
1

MSE:
0.04211898435830335

Corr:
0.7879187941998714

Fold:
2

MSE:
0.04008629525603958

Corr:
0.785872155826299

Fold:
3

MSE:
0.034191861154890965

Corr:
0.8038632127538798

Fold:
4

MSE:
0.03940843720067882

Corr:
0.7868694236467266

Fold:
5

MSE:
0.04397731506398774

Corr:
0.7674444072262977

-----Subject Results:


Average MSE: 0.03995657860678009

Average Corr: 0.786393598730615
p-value:1.0

_______________________Subject: P057_______________________

Fold:
1

MSE:
0.04206447279592416

Corr:
0.7881350938786084

Fold:
2

MSE:
0.04006697389587951

Corr:
0.7860402605962952

Fold:
3

MSE:
0.03423271621884033

Corr:
0.8035583681318413

Fold:
4

MSE:
0.03930331275838932

Corr:
0.7874719287132224

Fold:
5

MSE:
0.04405700599877576

Corr:
0.7669835011988462

-----Subject Results:


Average MSE: 0.03994489633356182

Average Corr: 0.7864378305037627
p-value:1.0

_______________________Subject: P064_______________________

Fold:
1

MSE:
0.042022110748390684

Corr:
0.7884386469173998

Fold:
2

MSE:
0.04005772482833923

Corr:
0.7861373676558437

Fold:
3

MSE:
0.03421613595941519

Corr:
0.8038516790289776

Fold:
4

MSE:
0.03931485432744209

Corr:
0.7874224312683333

Fold:
5

MSE:
0.04393949211183218

Corr:
0.7677741340062446

-----Subject Results:


Average MSE: 0.039910063595083874

Average Corr: 0.7867248517753598
p-value:1.0

_______________________Subject: P065_______________________

Fold:
1

MSE:
0.04204447314503895

Corr:
0.7883220853795732

Fold:
2

MSE:
0.0400051135479979

Corr:
0.7864725871534275

Fold:
3

MSE:
0.03405512628469059

Corr:
0.8048396167039528

Fold:
4

MSE:
0.03933142156309359

Corr:
0.7871152565741533

Fold:
5

MSE:
0.043946704804919225

Corr:
0.7676651445540821

-----Subject Results:


Average MSE: 0.039876567869148054

Average Corr: 0.7868829380730378
p-value:1.0

_______________________Subject: P067_______________________

Fold:
1

MSE:
0.04213684729073613

Corr:
0.7876970563266879

Fold:
2

MSE:
0.040042132310540934

Corr:
0.786247027504616

Fold:
3

MSE:
0.03420361837008328

Corr:
0.8037882277555445

Fold:
4

MSE:
0.03933846208509544

Corr:
0.7871750340841548

Fold:
5

MSE:
0.04400428426029449

Corr:
0.7675134042767243

-----Subject Results:


Average MSE: 0.03994506886335006

Average Corr: 0.7864841499895455
p-value:1.0

_______________________Subject: P068_______________________

Fold:
1

MSE:
0.04207636024495062

Corr:
0.7881164986699438

Fold:
2

MSE:
0.04004463467310724

Corr:
0.7862213552987571

Fold:
3

MSE:
0.03420691588911295

Corr:
0.8039479628670251

Fold:
4

MSE:
0.03943068415749273

Corr:
0.786642257236432

Fold:
5

MSE:
0.04394308951768877

Corr:
0.7676150059053223

-----Subject Results:


Average MSE: 0.03994033689647046

Average Corr: 0.786508615995496
p-value:1.0

_______________________Subject: P072_______________________

Fold:
1

MSE:
0.04194102572144656

Corr:
0.7888666810350514

Fold:
2

MSE:
0.040000428982259674

Corr:
0.7865629530504994

Fold:
3

MSE:
0.0341516447660783

Corr:
0.8041855228064843

Fold:
4

MSE:
0.03923187139927249

Corr:
0.7880256024207334

Fold:
5

MSE:
0.04387287239976783

Corr:
0.7678522568481395

-----Subject Results:


Average MSE: 0.039839568653764965

Average Corr: 0.7870986032321816
p-value:1.0

_______________________Subject: P073_______________________

Fold:
1

MSE:
0.042041094684365926

Corr:
0.7884079094866382

Fold:
2

MSE:
0.04000670510809808

Corr:
0.7864257574927451

Fold:
3

MSE:
0.03414575429462741

Corr:
0.8041923760037596

Fold:
4

MSE:
0.039423210726707264

Corr:
0.7865849080441056

Fold:
5

MSE:
0.04392842526491151

Corr:
0.7678771114453836

-----Subject Results:


Average MSE: 0.03990903801574204

Average Corr: 0.7866976124945264
p-value:1.0

_______________________Subject: P075_______________________

Fold:
1

MSE:
0.0419811284941106

Corr:
0.7886692298713961

Fold:
2

MSE:
0.04005898469828128

Corr:
0.786018217177745

Fold:
3

MSE:
0.03412500918438326

Corr:
0.8042932050346976

Fold:
4

MSE:
0.039382041803016306

Corr:
0.7870438416515618

Fold:
5

MSE:
0.0438474117641659

Corr:
0.7683121012027481

-----Subject Results:


Average MSE: 0.03987891518879147

Average Corr: 0.7868673189876297
p-value:1.0

_______________________Subject: P076_______________________

Fold:
1

MSE:
0.04202045846605007

Corr:
0.7884169611952035

Fold:
2

MSE:
0.040252409641523025

Corr:
0.7850599787017123

Fold:
3

MSE:
0.03408666307706255

Corr:
0.8045736704445455

Fold:
4

MSE:
0.03922902991160134

Corr:
0.7878473285246022

Fold:
5

MSE:
0.04395850003144205

Corr:
0.7676387825206075

-----Subject Results:


Average MSE: 0.039909412225535804

Average Corr: 0.7867073442773341
p-value:1.0

_______________________Subject: P080_______________________

Fold:
1

MSE:
0.04200837666111163

Corr:
0.7884614466692588

Fold:
2

MSE:
0.040000988861905014

Corr:
0.7863887242193353

Fold:
3

MSE:
0.03410510290295794

Corr:
0.804423894590238

Fold:
4

MSE:
0.0393412980445656

Corr:
0.7872073122098345

Fold:
5

MSE:
0.043946838428085305

Corr:
0.7676964329175343

-----Subject Results:


Average MSE: 0.039880520979725095

Average Corr: 0.7868355621212401
p-value:1.0

_______________________Subject: P081_______________________

Fold:
1

MSE:
0.042174803416404616

Corr:
0.7875737386265197

Fold:
2

MSE:
0.04000772807201497

Corr:
0.7864398149091597

Fold:
3

MSE:
0.03414803692535735

Corr:
0.8041626642979173

Fold:
4

MSE:
0.03936643463820738

Corr:
0.7870326385252783

Fold:
5

MSE:
0.04394900856966826

Corr:
0.7676521965810046

-----Subject Results:


Average MSE: 0.03992920232433052

Average Corr: 0.786572210587976
p-value:1.0

_______________________All Subjects Results_______________________


Average MSE:0.03991009698706472

Average Corr:0.7866766016692937
