INFO:root:
_______________________Fold: 1_______________________
INFO:root:
Conf Matrix:
[[0.625 0.375 0.    0.   ]
 [0.    1.    0.    0.   ]
 [0.    0.25  0.    0.75 ]
 [0.25  0.    0.75  0.   ]]
INFO:root:
Accuracy: 0.65625
INFO:root:
_______________________Fold: 2_______________________
INFO:root:
Conf Matrix:
[[0.375 0.625 0.    0.   ]
 [0.    1.    0.    0.   ]
 [0.25  0.25  0.    0.5  ]
 [0.25  0.    0.75  0.   ]]
INFO:root:
Accuracy: 0.59375
INFO:root:
_______________________Fold: 3_______________________
INFO:root:
Conf Matrix:
[[0.75 0.25 0.   0.  ]
 [0.   1.   0.   0.  ]
 [0.   0.   0.   1.  ]
 [0.25 0.   0.75 0.  ]]
INFO:root:
Accuracy: 0.6875
INFO:root:
_______________________Fold: 4_______________________
INFO:root:
Conf Matrix:
[[0.5    0.5    0.     0.    ]
 [0.1875 0.8125 0.     0.    ]
 [0.     0.25   0.25   0.5   ]
 [0.25   0.     0.75   0.    ]]
INFO:root:
Accuracy: 0.5625
INFO:root:
_______________________Fold: 5_______________________
INFO:root:
Conf Matrix:
[[0.625 0.25  0.    0.125]
 [0.125 0.875 0.    0.   ]
 [0.    0.    0.    1.   ]
 [0.25  0.    0.75  0.   ]]
INFO:root:
Accuracy: 0.59375
INFO:root:
_______________________Totlal_______________________
INFO:root:
Conf Matrix:
0.61875
INFO:root:
Accuracy: [[0.575  0.4    0.     0.025 ]
 [0.0625 0.9375 0.     0.    ]
 [0.05   0.15   0.05   0.75  ]
 [0.25   0.     0.75   0.    ]]
