INFO:root:
_______________________Fold: 1_______________________
INFO:root:
Conf Matrix:
[[0.5  0.   0.25 0.25]
 [0.   0.75 0.25 0.  ]
 [0.   0.   0.   1.  ]
 [0.   0.   1.   0.  ]]
INFO:root:
Accuracy: 0.3125
INFO:root:
_______________________Fold: 2_______________________
INFO:root:
Conf Matrix:
[[0.5  0.25 0.25 0.  ]
 [0.75 0.25 0.   0.  ]
 [0.   0.   0.   1.  ]
 [0.   0.   1.   0.  ]]
INFO:root:
Accuracy: 0.1875
INFO:root:
_______________________Fold: 3_______________________
INFO:root:
Conf Matrix:
[[0.75 0.   0.   0.25]
 [0.5  0.5  0.   0.  ]
 [0.25 0.   0.   0.75]
 [0.75 0.   0.25 0.  ]]
INFO:root:
Accuracy: 0.3125
INFO:root:
_______________________Fold: 4_______________________
INFO:root:
Conf Matrix:
[[0.75 0.25 0.   0.  ]
 [0.25 0.5  0.25 0.  ]
 [0.25 0.   0.   0.75]
 [0.5  0.   0.5  0.  ]]
INFO:root:
Accuracy: 0.3125
INFO:root:
_______________________Fold: 5_______________________
INFO:root:
Conf Matrix:
[[0.5  0.5  0.   0.  ]
 [0.25 0.75 0.   0.  ]
 [0.   0.   0.25 0.75]
 [0.5  0.   0.5  0.  ]]
INFO:root:
Accuracy: 0.375
INFO:root:
_______________________Total_______________________
INFO:root:
Conf Matrix:
[[0.6  0.2  0.1  0.1 ]
 [0.35 0.55 0.1  0.  ]
 [0.1  0.   0.05 0.85]
 [0.35 0.   0.65 0.  ]]
INFO:root:
Accuracy: 0.3
INFO:root:
_______________________Fold: 1_______________________
INFO:root:
_______________________Fold: 1_______________________
INFO:root:
_______________________Fold: 1_______________________
INFO:root:
_______________________Fold: 1_______________________
INFO:root:
_______________________Fold: 1_______________________
INFO:root:
_______________________Fold: 1_______________________
INFO:root:
_______________________Fold: 1_______________________
INFO:root:
_______________________Fold: 1_______________________
INFO:root:
_______________________Fold: 1_______________________
INFO:root:
_______________________Fold: 1_______________________
INFO:root:
_______________________Fold: 1_______________________
INFO:root:
_______________________Fold: 1_______________________
INFO:root:
_______________________Fold: 1_______________________
INFO:root:
_______________________Fold: 1_______________________
INFO:root:
Conf Matrix:
[[0.25 0.25 0.   0.5 ]
 [0.25 0.75 0.   0.  ]
 [0.   0.   0.   1.  ]
 [0.   0.   1.   0.  ]]
INFO:root:
Accuracy: 0.25
INFO:root:
_______________________Fold: 2_______________________
INFO:root:
Conf Matrix:
[[0.25 0.   0.25 0.5 ]
 [0.25 0.75 0.   0.  ]
 [0.   0.25 0.   0.75]
 [0.   0.   1.   0.  ]]
INFO:root:
Accuracy: 0.25
INFO:root:
_______________________Fold: 3_______________________
INFO:root:
Conf Matrix:
[[0.5  0.5  0.   0.  ]
 [0.   1.   0.   0.  ]
 [0.   0.25 0.   0.75]
 [0.75 0.   0.25 0.  ]]
INFO:root:
Accuracy: 0.375
INFO:root:
_______________________Fold: 4_______________________
INFO:root:
Conf Matrix:
[[0.75 0.25 0.   0.  ]
 [0.   0.75 0.25 0.  ]
 [0.   0.   0.   1.  ]
 [0.25 0.   0.75 0.  ]]
INFO:root:
Accuracy: 0.375
INFO:root:
_______________________Fold: 5_______________________
INFO:root:
Conf Matrix:
[[0.5  0.   0.25 0.25]
 [0.5  0.25 0.25 0.  ]
 [0.   0.   0.25 0.75]
 [0.   0.   0.75 0.25]]
INFO:root:
Accuracy: 0.3125
INFO:root:
_______________________Total_______________________
INFO:root:
Conf Matrix:
[[0.45 0.2  0.1  0.25]
 [0.2  0.7  0.1  0.  ]
 [0.   0.1  0.05 0.85]
 [0.2  0.   0.75 0.05]]
INFO:root:
Accuracy: 0.3125
INFO:root:
_______________________Fold: 1_______________________
INFO:root:
Conf Matrix:
[[0.75 0.   0.25 0.  ]
 [0.5  0.5  0.   0.  ]
 [0.   0.   0.   1.  ]
 [0.   0.   1.   0.  ]]
INFO:root:
Accuracy: 0.3125
INFO:root:
_______________________Fold: 2_______________________
INFO:root:
Conf Matrix:
[[0.5  0.25 0.   0.25]
 [0.75 0.25 0.   0.  ]
 [0.   0.   0.   1.  ]
 [0.   0.   0.75 0.25]]
INFO:root:
Accuracy: 0.25
INFO:root:
_______________________Fold: 3_______________________
INFO:root:
Conf Matrix:
[[0.75 0.25 0.   0.  ]
 [0.   0.75 0.25 0.  ]
 [0.25 0.   0.   0.75]
 [0.25 0.   0.75 0.  ]]
INFO:root:
Accuracy: 0.375
INFO:root:
_______________________Fold: 4_______________________
INFO:root:
Conf Matrix:
[[0.5  0.5  0.   0.  ]
 [0.25 0.75 0.   0.  ]
 [0.   0.   0.   1.  ]
 [0.25 0.   0.5  0.25]]
INFO:root:
Accuracy: 0.375
INFO:root:
_______________________Fold: 5_______________________
INFO:root:
Conf Matrix:
[[0.75 0.25 0.   0.  ]
 [0.25 0.75 0.   0.  ]
 [0.   0.   0.25 0.75]
 [0.25 0.   0.75 0.  ]]
INFO:root:
Accuracy: 0.4375
INFO:root:
_______________________Total_______________________
INFO:root:
Conf Matrix:
[[0.65 0.25 0.05 0.05]
 [0.35 0.6  0.05 0.  ]
 [0.05 0.   0.05 0.9 ]
 [0.15 0.   0.75 0.1 ]]
INFO:root:
Accuracy: 0.35
