INFO:root:
_______________________Fold: 1_______________________
INFO:root:
Conf Matrix:
[[0.6        0.4       ]
 [0.33333333 0.66666667]]
INFO:root:
Accuracy: 0.625
INFO:root:
_______________________Fold: 2_______________________
INFO:root:
Conf Matrix:
[[1.   0.  ]
 [0.75 0.25]]
INFO:root:
Accuracy: 0.625
INFO:root:
_______________________Fold: 3_______________________
INFO:root:
Conf Matrix:
[[0.6        0.4       ]
 [0.33333333 0.66666667]]
INFO:root:
Accuracy: 0.625
INFO:root:
_______________________Fold: 4_______________________
INFO:root:
Conf Matrix:
[[1.         0.        ]
 [0.33333333 0.66666667]]
INFO:root:
Accuracy: 0.75
INFO:root:
_______________________Fold: 5_______________________
INFO:root:
Conf Matrix:
[[0.5 0.5]
 [0.5 0.5]]
INFO:root:
Accuracy: 0.5
INFO:root:
_______________________Totlal_______________________
INFO:root:
Conf Matrix:
0.625
INFO:root:
Accuracy: [[0.74 0.26]
 [0.45 0.55]]
INFO:root:
_______________________Fold: 1_______________________
INFO:root:
Conf Matrix:
[[0.  0.  1. ]
 [0.5 0.5 0. ]
 [0.  0.  1. ]]
INFO:root:
Accuracy: 0.75
INFO:root:
_______________________Fold: 2_______________________
INFO:root:
Conf Matrix:
[[0.   0.   1.  ]
 [0.   0.   1.  ]
 [0.25 0.   0.75]]
INFO:root:
Accuracy: 0.375
INFO:root:
_______________________Fold: 3_______________________
INFO:root:
Conf Matrix:
[[0.  0.5 0.5]
 [0.  1.  0. ]
 [0.  0.  1. ]]
INFO:root:
Accuracy: 0.75
INFO:root:
_______________________Fold: 4_______________________
INFO:root:
Conf Matrix:
[[0.  0.  1. ]
 [0.  0.6 0.4]
 [0.5 0.  0.5]]
INFO:root:
Accuracy: 0.5
INFO:root:
_______________________Fold: 5_______________________
INFO:root:
Conf Matrix:
[[0.         0.         1.        ]
 [0.         0.66666667 0.33333333]
 [0.         0.25       0.75      ]]
INFO:root:
Accuracy: 0.625
INFO:root:
_______________________Totlal_______________________
INFO:root:
Conf Matrix:
0.6
INFO:root:
Accuracy: [[0.         0.1        0.9       ]
 [0.1        0.55333333 0.34666667]
 [0.15       0.05       0.8       ]]
INFO:root:
_______________________Fold: 1_______________________
INFO:root:
_______________________Fold: 1_______________________
INFO:root:
_______________________Fold: 1_______________________
INFO:root:
_______________________Fold: 1_______________________
INFO:root:
_______________________Fold: 1_______________________
INFO:root:
_______________________Fold: 1_______________________
INFO:root:
_______________________Fold: 1_______________________
INFO:root:
_______________________Fold: 1_______________________
INFO:root:
_______________________Fold: 1_______________________
INFO:root:
_______________________Fold: 1_______________________
INFO:root:
_______________________Fold: 1_______________________
INFO:root:
_______________________Fold: 1_______________________
INFO:root:
_______________________Fold: 1_______________________
INFO:root:
_______________________Fold: 1_______________________
INFO:root:
_______________________Fold: 1_______________________
INFO:root:
_______________________Fold: 1_______________________
INFO:root:
_______________________Fold: 1_______________________
INFO:root:
_______________________Fold: 1_______________________
INFO:root:
_______________________Fold: 1_______________________
INFO:root:
_______________________Fold: 1_______________________
INFO:root:
_______________________Fold: 1_______________________
INFO:root:
_______________________Fold: 1_______________________
INFO:root:
Conf Matrix:
[[0.25 0.75]
 [0.5  0.5 ]]
INFO:root:
Accuracy: 0.375
INFO:root:
_______________________Fold: 2_______________________
INFO:root:
Conf Matrix:
[[0.75 0.25]
 [0.25 0.75]]
INFO:root:
Accuracy: 0.75
INFO:root:
_______________________Fold: 3_______________________
INFO:root:
Conf Matrix:
[[0.5 0.5]
 [0.  1. ]]
INFO:root:
Accuracy: 0.75
INFO:root:
_______________________Fold: 4_______________________
INFO:root:
Conf Matrix:
[[1.  0. ]
 [0.5 0.5]]
INFO:root:
Accuracy: 0.75
INFO:root:
_______________________Fold: 5_______________________
INFO:root:
Conf Matrix:
[[1. 0.]
 [0. 1.]]
INFO:root:
Accuracy: 1.0
INFO:root:
_______________________Totlal_______________________
INFO:root:
Conf Matrix:
0.725
INFO:root:
Accuracy: [[0.7  0.3 ]
 [0.25 0.75]]
INFO:root:
_______________________Fold: 1_______________________
INFO:root:
Conf Matrix:
[[0.75 0.25]
 [0.25 0.75]]
INFO:root:
Accuracy: 0.75
INFO:root:
_______________________Fold: 2_______________________
INFO:root:
Conf Matrix:
[[0.5 0.5]
 [0.5 0.5]]
INFO:root:
Accuracy: 0.5
INFO:root:
_______________________Fold: 3_______________________
INFO:root:
Conf Matrix:
[[0.25 0.75]
 [0.   1.  ]]
INFO:root:
Accuracy: 0.625
INFO:root:
_______________________Fold: 4_______________________
INFO:root:
Conf Matrix:
[[1.  0. ]
 [0.5 0.5]]
INFO:root:
Accuracy: 0.75
INFO:root:
_______________________Fold: 5_______________________
INFO:root:
Conf Matrix:
[[0.75 0.25]
 [0.75 0.25]]
INFO:root:
Accuracy: 0.5
INFO:root:
_______________________Totlal_______________________
INFO:root:
Conf Matrix:
0.625
INFO:root:
Accuracy: [[0.65 0.35]
 [0.4  0.6 ]]
INFO:root:
_______________________Fold: 1_______________________
INFO:root:
Conf Matrix:
[[0.5  0.5 ]
 [0.75 0.25]]
INFO:root:
Accuracy: 0.375
INFO:root:
_______________________Fold: 2_______________________
INFO:root:
Conf Matrix:
[[0.5  0.5 ]
 [0.25 0.75]]
INFO:root:
Accuracy: 0.625
INFO:root:
_______________________Fold: 3_______________________
INFO:root:
Conf Matrix:
[[0.5  0.5 ]
 [0.25 0.75]]
INFO:root:
Accuracy: 0.625
INFO:root:
_______________________Fold: 4_______________________
INFO:root:
Conf Matrix:
[[0.5 0.5]
 [0.  1. ]]
INFO:root:
Accuracy: 0.75
INFO:root:
_______________________Fold: 5_______________________
INFO:root:
Conf Matrix:
[[1.   0.  ]
 [0.25 0.75]]
INFO:root:
Accuracy: 0.875
INFO:root:
_______________________Totlal_______________________
INFO:root:
Conf Matrix:
0.65
INFO:root:
Accuracy: [[0.6 0.4]
 [0.3 0.7]]
