INFO:root:
_______________________Fold: 1_______________________
INFO:root:
Conf Matrix:
[[1. 0. 0.]
 [0. 1. 0.]
 [1. 0. 0.]]
INFO:root:
Accuracy: 0.75
INFO:root:
_______________________Fold: 2_______________________
INFO:root:
Conf Matrix:
[[1. 0. 0.]
 [0. 1. 0.]
 [0. 1. 0.]]
INFO:root:
Accuracy: 0.875
INFO:root:
_______________________Fold: 3_______________________
INFO:root:
Conf Matrix:
[[0.66666667 0.33333333]
 [0.2        0.8       ]]
INFO:root:
Accuracy: 0.75
INFO:root:
_______________________Fold: 4_______________________
INFO:root:
Conf Matrix:
[[1.         0.        ]
 [0.33333333 0.66666667]]
INFO:root:
Accuracy: 0.875
INFO:root:
_______________________Fold: 5_______________________
INFO:root:
Conf Matrix:
[[0.75       0.25       0.        ]
 [0.33333333 0.66666667 0.        ]
 [1.         0.         0.        ]]
INFO:root:
Accuracy: 0.625
INFO:root:
_______________________Fold: 1_______________________
INFO:root:
Conf Matrix:
[[1.  0. ]
 [0.4 0.6]]
INFO:root:
Accuracy: 0.75
INFO:root:
_______________________Fold: 2_______________________
INFO:root:
Conf Matrix:
[[0.75 0.25]
 [0.5  0.5 ]]
INFO:root:
Accuracy: 0.625
INFO:root:
_______________________Fold: 3_______________________
INFO:root:
Conf Matrix:
[[0.66666667 0.33333333]
 [0.6        0.4       ]]
INFO:root:
Accuracy: 0.5
INFO:root:
_______________________Fold: 4_______________________
INFO:root:
Conf Matrix:
[[0.5 0.5]
 [0.  1. ]]
INFO:root:
Accuracy: 0.625
INFO:root:
_______________________Fold: 5_______________________
INFO:root:
Conf Matrix:
[[0.5  0.5 ]
 [0.75 0.25]]
INFO:root:
Accuracy: 0.375
INFO:root:
_______________________Totlal_______________________
INFO:root:
Conf Matrix:
0.575
INFO:root:
Accuracy: [[0.68333333 0.31666667]
 [0.45       0.55      ]]
INFO:root:
_______________________Fold: 1_______________________
INFO:root:
Conf Matrix:
[[0.33333333 0.66666667]
 [0.4        0.6       ]]
INFO:root:
Accuracy: 0.5
INFO:root:
_______________________Fold: 2_______________________
INFO:root:
Conf Matrix:
[[0.25 0.75]
 [0.5  0.5 ]]
INFO:root:
Accuracy: 0.375
INFO:root:
_______________________Fold: 3_______________________
INFO:root:
Conf Matrix:
[[0.66666667 0.33333333]
 [0.6        0.4       ]]
INFO:root:
Accuracy: 0.5
INFO:root:
_______________________Fold: 4_______________________
INFO:root:
Conf Matrix:
[[0.33333333 0.66666667]
 [0.         1.        ]]
INFO:root:
Accuracy: 0.5
INFO:root:
_______________________Fold: 5_______________________
INFO:root:
Conf Matrix:
[[0.75 0.25]
 [1.   0.  ]]
INFO:root:
Accuracy: 0.375
INFO:root:
_______________________Totlal_______________________
INFO:root:
Conf Matrix:
0.45
INFO:root:
Accuracy: [[0.46666667 0.53333333]
 [0.5        0.5       ]]
INFO:root:
_______________________Fold: 1_______________________
INFO:root:
Conf Matrix:
[[0.5  0.5 ]
 [0.25 0.75]]
INFO:root:
Accuracy: 0.625
INFO:root:
_______________________Fold: 2_______________________
INFO:root:
Conf Matrix:
[[0.5  0.5 ]
 [0.25 0.75]]
INFO:root:
Accuracy: 0.625
INFO:root:
_______________________Fold: 3_______________________
INFO:root:
Conf Matrix:
[[0.25 0.75]
 [0.   1.  ]]
INFO:root:
Accuracy: 0.625
INFO:root:
_______________________Fold: 4_______________________
INFO:root:
Conf Matrix:
[[0.5  0.5 ]
 [0.75 0.25]]
INFO:root:
Accuracy: 0.375
INFO:root:
_______________________Fold: 5_______________________
INFO:root:
Conf Matrix:
[[1.  0. ]
 [0.5 0.5]]
INFO:root:
Accuracy: 0.75
INFO:root:
_______________________Totlal_______________________
INFO:root:
Conf Matrix:
0.6
INFO:root:
Accuracy: [[0.55 0.45]
 [0.35 0.65]]
INFO:root:
_______________________Fold: 1_______________________
INFO:root:
Conf Matrix:
[[0.25 0.75]
 [0.5  0.5 ]]
INFO:root:
Accuracy: 0.375
INFO:root:
_______________________Fold: 2_______________________
INFO:root:
Conf Matrix:
[[0.25 0.75]
 [0.   1.  ]]
INFO:root:
Accuracy: 0.625
INFO:root:
_______________________Fold: 3_______________________
INFO:root:
Conf Matrix:
[[0.75 0.25]
 [0.   1.  ]]
INFO:root:
Accuracy: 0.875
INFO:root:
_______________________Fold: 4_______________________
INFO:root:
Conf Matrix:
[[0.5  0.5 ]
 [0.75 0.25]]
INFO:root:
Accuracy: 0.375
INFO:root:
_______________________Fold: 5_______________________
INFO:root:
Conf Matrix:
[[0.5 0.5]
 [0.5 0.5]]
INFO:root:
Accuracy: 0.5
INFO:root:
_______________________Totlal_______________________
INFO:root:
Conf Matrix:
0.55
INFO:root:
Accuracy: [[0.45 0.55]
 [0.35 0.65]]
INFO:root:
_______________________Fold: 1_______________________
INFO:root:
Conf Matrix:
[[0.25 0.75]
 [0.25 0.75]]
INFO:root:
Accuracy: 0.5
INFO:root:
_______________________Fold: 2_______________________
INFO:root:
Conf Matrix:
[[0.25 0.75]
 [0.25 0.75]]
INFO:root:
Accuracy: 0.5
INFO:root:
_______________________Fold: 3_______________________
INFO:root:
Conf Matrix:
[[0.25 0.75]
 [0.   1.  ]]
INFO:root:
Accuracy: 0.625
INFO:root:
_______________________Fold: 4_______________________
INFO:root:
Conf Matrix:
[[0.5  0.5 ]
 [0.75 0.25]]
INFO:root:
Accuracy: 0.375
INFO:root:
_______________________Fold: 5_______________________
INFO:root:
Conf Matrix:
[[0.75 0.25]
 [1.   0.  ]]
INFO:root:
Accuracy: 0.375
INFO:root:
_______________________Totlal_______________________
INFO:root:
Conf Matrix:
0.475
INFO:root:
Accuracy: [[0.4  0.6 ]
 [0.45 0.55]]
INFO:root:
_______________________Fold: 1_______________________
INFO:root:
Conf Matrix:
[[0.5 0.5]
 [0.  1. ]]
INFO:root:
Accuracy: 0.75
INFO:root:
_______________________Fold: 2_______________________
INFO:root:
Conf Matrix:
[[0.75 0.25]
 [0.25 0.75]]
INFO:root:
Accuracy: 0.75
INFO:root:
_______________________Fold: 3_______________________
INFO:root:
Conf Matrix:
[[0.75 0.25]
 [0.25 0.75]]
INFO:root:
Accuracy: 0.75
INFO:root:
_______________________Fold: 4_______________________
INFO:root:
Conf Matrix:
[[0. 1.]
 [0. 1.]]
INFO:root:
Accuracy: 0.5
INFO:root:
_______________________Fold: 5_______________________
INFO:root:
Conf Matrix:
[[0.75 0.25]
 [0.75 0.25]]
INFO:root:
Accuracy: 0.5
INFO:root:
_______________________Totlal_______________________
INFO:root:
Conf Matrix:
0.65
INFO:root:
Accuracy: [[0.55 0.45]
 [0.25 0.75]]
INFO:root:
_______________________Fold: 1_______________________
INFO:root:
Conf Matrix:
[[0.25 0.75]
 [0.25 0.75]]
INFO:root:
Accuracy: 0.5
INFO:root:
_______________________Fold: 2_______________________
INFO:root:
Conf Matrix:
[[0.25 0.75]
 [0.   1.  ]]
INFO:root:
Accuracy: 0.625
INFO:root:
_______________________Fold: 3_______________________
INFO:root:
Conf Matrix:
[[0.5 0.5]
 [0.  1. ]]
INFO:root:
Accuracy: 0.75
INFO:root:
_______________________Fold: 4_______________________
INFO:root:
Conf Matrix:
[[0.25 0.75]
 [0.75 0.25]]
INFO:root:
Accuracy: 0.25
INFO:root:
_______________________Fold: 5_______________________
INFO:root:
Conf Matrix:
[[1. 0.]
 [1. 0.]]
INFO:root:
Accuracy: 0.5
INFO:root:
_______________________Totlal_______________________
INFO:root:
Conf Matrix:
0.525
INFO:root:
Accuracy: [[0.45 0.55]
 [0.4  0.6 ]]
INFO:root:
_______________________Fold: 1_______________________
INFO:root:
Conf Matrix:
[[0.5 0.5]
 [0.5 0.5]]
INFO:root:
Accuracy: 0.5
INFO:root:
_______________________Fold: 2_______________________
INFO:root:
Conf Matrix:
[[0.25 0.75]
 [0.   1.  ]]
INFO:root:
Accuracy: 0.625
INFO:root:
_______________________Fold: 3_______________________
INFO:root:
Conf Matrix:
[[0.5 0.5]
 [0.  1. ]]
INFO:root:
Accuracy: 0.75
INFO:root:
_______________________Fold: 4_______________________
INFO:root:
Conf Matrix:
[[0.25 0.75]
 [0.5  0.5 ]]
INFO:root:
Accuracy: 0.375
INFO:root:
_______________________Fold: 5_______________________
INFO:root:
Conf Matrix:
[[0.75 0.25]
 [1.   0.  ]]
INFO:root:
Accuracy: 0.375
INFO:root:
_______________________Totlal_______________________
INFO:root:
Conf Matrix:
0.525
INFO:root:
Accuracy: [[0.45 0.55]
 [0.4  0.6 ]]
INFO:root:
_______________________Fold: 1_______________________
INFO:root:
Conf Matrix:
[[0.25 0.75]
 [0.5  0.5 ]]
INFO:root:
Accuracy: 0.375
INFO:root:
_______________________Fold: 2_______________________
INFO:root:
Conf Matrix:
[[0.5 0.5]
 [0.  1. ]]
INFO:root:
Accuracy: 0.75
INFO:root:
_______________________Fold: 3_______________________
INFO:root:
Conf Matrix:
[[0.25 0.75]
 [0.   1.  ]]
INFO:root:
Accuracy: 0.625
INFO:root:
_______________________Fold: 4_______________________
INFO:root:
Conf Matrix:
[[0.5  0.5 ]
 [0.75 0.25]]
INFO:root:
Accuracy: 0.375
INFO:root:
_______________________Fold: 5_______________________
INFO:root:
Conf Matrix:
[[0.25 0.75]
 [0.5  0.5 ]]
INFO:root:
Accuracy: 0.375
INFO:root:
_______________________Totlal_______________________
INFO:root:
Conf Matrix:
0.5
INFO:root:
Accuracy: [[0.35 0.65]
 [0.35 0.65]]
INFO:root:
_______________________Fold: 1_______________________
INFO:root:
Conf Matrix:
[[0.5  0.5 ]
 [0.25 0.75]]
INFO:root:
Accuracy: 0.625
INFO:root:
_______________________Fold: 2_______________________
INFO:root:
Conf Matrix:
[[0.75 0.25]
 [0.25 0.75]]
INFO:root:
Accuracy: 0.75
INFO:root:
_______________________Fold: 3_______________________
INFO:root:
Conf Matrix:
[[0.25 0.75]
 [0.   1.  ]]
INFO:root:
Accuracy: 0.625
INFO:root:
_______________________Fold: 4_______________________
INFO:root:
Conf Matrix:
[[0.75 0.25]
 [0.5  0.5 ]]
INFO:root:
Accuracy: 0.625
INFO:root:
_______________________Fold: 5_______________________
INFO:root:
Conf Matrix:
[[0.5  0.5 ]
 [0.25 0.75]]
INFO:root:
Accuracy: 0.625
INFO:root:
_______________________Totlal_______________________
INFO:root:
Conf Matrix:
0.65
INFO:root:
Accuracy: [[0.55 0.45]
 [0.25 0.75]]
