INFO:root:
_______________________Fold: 1_______________________
INFO:root:
Conf Matrix:
[[0. 1.]
 [1. 0.]]
INFO:root:
Accuracy: 0.0
INFO:root:
_______________________Fold: 2_______________________
INFO:root:
Conf Matrix:
[[0. 1.]
 [1. 0.]]
INFO:root:
Accuracy: 0.0
INFO:root:
_______________________Fold: 3_______________________
INFO:root:
Conf Matrix:
[[0. 1.]
 [1. 0.]]
INFO:root:
Accuracy: 0.0
INFO:root:
_______________________Fold: 4_______________________
INFO:root:
Conf Matrix:
[[0. 1.]
 [1. 0.]]
INFO:root:
Accuracy: 0.0
INFO:root:
_______________________Fold: 5_______________________
INFO:root:
Conf Matrix:
[[0. 1.]
 [1. 0.]]
INFO:root:
Accuracy: 0.0
INFO:root:
_______________________Totlal_______________________
INFO:root:
Conf Matrix:
0.0
INFO:root:
Accuracy: [[0. 1.]
 [1. 0.]]
INFO:root:
_______________________Fold: 1_______________________
INFO:root:
Conf Matrix:
[[0.5  0.5 ]
 [0.75 0.25]]
INFO:root:
Accuracy: 0.375
INFO:root:
_______________________Fold: 2_______________________
INFO:root:
Conf Matrix:
[[0. 1.]
 [1. 0.]]
INFO:root:
Accuracy: 0.0
INFO:root:
_______________________Fold: 3_______________________
INFO:root:
Conf Matrix:
[[0.5  0.5 ]
 [0.75 0.25]]
INFO:root:
Accuracy: 0.375
INFO:root:
_______________________Fold: 4_______________________
INFO:root:
Conf Matrix:
[[0.5  0.5 ]
 [0.75 0.25]]
INFO:root:
Accuracy: 0.375
INFO:root:
_______________________Fold: 5_______________________
INFO:root:
Conf Matrix:
[[0. 1.]
 [1. 0.]]
INFO:root:
Accuracy: 0.0
INFO:root:
_______________________Totlal_______________________
INFO:root:
Conf Matrix:
0.225
INFO:root:
Accuracy: [[0.3  0.7 ]
 [0.85 0.15]]
INFO:root:
_______________________Fold: 1_______________________
INFO:root:
Conf Matrix:
[[0.5 0.5]
 [0.5 0.5]]
INFO:root:
Accuracy: 0.5
INFO:root:
_______________________Fold: 2_______________________
INFO:root:
Conf Matrix:
[[0.5 0.5]
 [0.5 0.5]]
INFO:root:
Accuracy: 0.5
INFO:root:
_______________________Fold: 3_______________________
INFO:root:
Conf Matrix:
[[0.8        0.2       ]
 [0.33333333 0.66666667]]
INFO:root:
Accuracy: 0.75
INFO:root:
_______________________Fold: 4_______________________
INFO:root:
Conf Matrix:
[[0.66666667 0.33333333]
 [0.5        0.5       ]]
INFO:root:
Accuracy: 0.625
INFO:root:
_______________________Fold: 5_______________________
INFO:root:
Conf Matrix:
[[0.8        0.2       ]
 [0.33333333 0.66666667]]
INFO:root:
Accuracy: 0.75
INFO:root:
_______________________Totlal_______________________
INFO:root:
Conf Matrix:
0.625
INFO:root:
Accuracy: [[0.65333333 0.34666667]
 [0.43333333 0.56666667]]
INFO:root:
_______________________Fold: 1_______________________
INFO:root:
Conf Matrix:
[[0.66666667 0.33333333]
 [0.4        0.6       ]]
INFO:root:
Accuracy: 0.625
INFO:root:
_______________________Fold: 2_______________________
INFO:root:
Conf Matrix:
[[0.6        0.4       ]
 [0.33333333 0.66666667]]
INFO:root:
Accuracy: 0.625
INFO:root:
_______________________Fold: 3_______________________
INFO:root:
Conf Matrix:
[[0.66666667 0.33333333]
 [0.4        0.6       ]]
INFO:root:
Accuracy: 0.625
INFO:root:
_______________________Fold: 4_______________________
INFO:root:
Conf Matrix:
[[0.66666667 0.33333333]
 [0.4        0.6       ]]
INFO:root:
Accuracy: 0.625
INFO:root:
_______________________Fold: 5_______________________
INFO:root:
Conf Matrix:
[[0.66666667 0.33333333]
 [0.4        0.6       ]]
INFO:root:
Accuracy: 0.625
INFO:root:
_______________________Totlal_______________________
INFO:root:
Conf Matrix:
0.625
INFO:root:
Accuracy: [[0.65333333 0.34666667]
 [0.38666667 0.61333333]]
INFO:root:
_______________________Fold: 1_______________________
INFO:root:
Conf Matrix:
[[0. 1.]
 [1. 0.]]
INFO:root:
Accuracy: 0.0
INFO:root:
_______________________Fold: 2_______________________
INFO:root:
Conf Matrix:
[[0. 1.]
 [1. 0.]]
INFO:root:
Accuracy: 0.0
INFO:root:
_______________________Fold: 3_______________________
INFO:root:
Conf Matrix:
[[0. 1.]
 [1. 0.]]
INFO:root:
Accuracy: 0.0
INFO:root:
_______________________Fold: 4_______________________
INFO:root:
Conf Matrix:
[[0. 1.]
 [1. 0.]]
INFO:root:
Accuracy: 0.0
INFO:root:
_______________________Fold: 5_______________________
INFO:root:
Conf Matrix:
[[0. 1.]
 [1. 0.]]
INFO:root:
Accuracy: 0.0
INFO:root:
_______________________Totlal_______________________
INFO:root:
Conf Matrix:
0.0
INFO:root:
Accuracy: [[0. 1.]
 [1. 0.]]
INFO:root:
_______________________Fold: 1_______________________
INFO:root:
Conf Matrix:
[[0.  1. ]
 [0.5 0.5]]
INFO:root:
Accuracy: 0.25
INFO:root:
_______________________Fold: 2_______________________
INFO:root:
Conf Matrix:
[[0.25 0.75]
 [0.25 0.75]]
INFO:root:
Accuracy: 0.5
INFO:root:
_______________________Fold: 3_______________________
INFO:root:
Conf Matrix:
[[0.  1. ]
 [0.5 0.5]]
INFO:root:
Accuracy: 0.25
INFO:root:
_______________________Fold: 4_______________________
INFO:root:
Conf Matrix:
[[0.25 0.75]
 [0.25 0.75]]
INFO:root:
Accuracy: 0.5
INFO:root:
_______________________Fold: 5_______________________
INFO:root:
Conf Matrix:
[[0.25 0.75]
 [0.25 0.75]]
INFO:root:
Accuracy: 0.5
INFO:root:
_______________________Totlal_______________________
INFO:root:
Conf Matrix:
0.4
INFO:root:
Accuracy: [[0.15 0.85]
 [0.35 0.65]]
INFO:root:
_______________________Fold: 1_______________________
INFO:root:
Conf Matrix:
[[1.   0.  ]
 [0.75 0.25]]
INFO:root:
Accuracy: 0.625
INFO:root:
_______________________Fold: 2_______________________
INFO:root:
Conf Matrix:
[[0.75 0.25]
 [0.75 0.25]]
INFO:root:
Accuracy: 0.5
INFO:root:
_______________________Fold: 3_______________________
INFO:root:
Conf Matrix:
[[0.75 0.25]
 [0.25 0.75]]
INFO:root:
Accuracy: 0.75
INFO:root:
_______________________Fold: 4_______________________
INFO:root:
Conf Matrix:
[[0.75 0.25]
 [0.75 0.25]]
INFO:root:
Accuracy: 0.5
INFO:root:
_______________________Fold: 5_______________________
INFO:root:
Conf Matrix:
[[1.   0.  ]
 [0.75 0.25]]
INFO:root:
Accuracy: 0.625
INFO:root:
_______________________Totlal_______________________
INFO:root:
Conf Matrix:
0.6
INFO:root:
Accuracy: [[0.85 0.15]
 [0.65 0.35]]
INFO:root:
_______________________Fold: 1_______________________
INFO:root:
Conf Matrix:
[[0.75 0.25]
 [0.75 0.25]]
INFO:root:
Accuracy: 0.5
INFO:root:
_______________________Fold: 2_______________________
INFO:root:
Conf Matrix:
[[0.5  0.5 ]
 [0.75 0.25]]
INFO:root:
Accuracy: 0.375
INFO:root:
_______________________Fold: 3_______________________
INFO:root:
Conf Matrix:
[[0.75 0.25]
 [0.75 0.25]]
INFO:root:
Accuracy: 0.5
INFO:root:
_______________________Fold: 4_______________________
INFO:root:
Conf Matrix:
[[0.75 0.25]
 [0.75 0.25]]
INFO:root:
Accuracy: 0.5
INFO:root:
_______________________Fold: 5_______________________
INFO:root:
Conf Matrix:
[[0.75 0.25]
 [0.75 0.25]]
INFO:root:
Accuracy: 0.5
INFO:root:
_______________________Totlal_______________________
INFO:root:
Conf Matrix:
0.475
INFO:root:
Accuracy: [[0.7  0.3 ]
 [0.75 0.25]]
INFO:root:
_______________________Fold: 1_______________________
INFO:root:
Conf Matrix:
[[0.   1.  ]
 [0.25 0.75]]
INFO:root:
Accuracy: 0.375
INFO:root:
_______________________Fold: 2_______________________
INFO:root:
Conf Matrix:
[[0.75 0.25]
 [0.75 0.25]]
INFO:root:
Accuracy: 0.5
INFO:root:
_______________________Fold: 3_______________________
INFO:root:
Conf Matrix:
[[0.   1.  ]
 [0.25 0.75]]
INFO:root:
Accuracy: 0.375
INFO:root:
_______________________Fold: 4_______________________
INFO:root:
Conf Matrix:
[[0.75 0.25]
 [0.75 0.25]]
INFO:root:
Accuracy: 0.5
INFO:root:
_______________________Fold: 5_______________________
INFO:root:
Conf Matrix:
[[0.5  0.5 ]
 [0.75 0.25]]
INFO:root:
Accuracy: 0.375
INFO:root:
_______________________Totlal_______________________
INFO:root:
Conf Matrix:
0.425
INFO:root:
Accuracy: [[0.4  0.6 ]
 [0.55 0.45]]
INFO:root:
_______________________Fold: 1_______________________
INFO:root:
Conf Matrix:
[[0.5 0.5]
 [0.5 0.5]]
INFO:root:
Accuracy: 0.5
INFO:root:
_______________________Fold: 2_______________________
INFO:root:
Conf Matrix:
[[0.25 0.75]
 [0.5  0.5 ]]
INFO:root:
Accuracy: 0.375
INFO:root:
_______________________Fold: 3_______________________
INFO:root:
Conf Matrix:
[[0.5 0.5]
 [0.5 0.5]]
INFO:root:
Accuracy: 0.5
INFO:root:
_______________________Fold: 4_______________________
INFO:root:
Conf Matrix:
[[0.5 0.5]
 [0.5 0.5]]
INFO:root:
Accuracy: 0.5
INFO:root:
_______________________Fold: 5_______________________
INFO:root:
Conf Matrix:
[[0.5 0.5]
 [0.5 0.5]]
INFO:root:
Accuracy: 0.5
INFO:root:
_______________________Totlal_______________________
INFO:root:
Conf Matrix:
0.475
INFO:root:
Accuracy: [[0.45 0.55]
 [0.5  0.5 ]]
INFO:root:
_______________________Fold: 1_______________________
INFO:root:
Conf Matrix:
[[0.   1.  ]
 [0.25 0.75]]
INFO:root:
Accuracy: 0.375
INFO:root:
_______________________Fold: 2_______________________
INFO:root:
Conf Matrix:
[[0.5  0.5 ]
 [0.75 0.25]]
INFO:root:
Accuracy: 0.375
INFO:root:
_______________________Fold: 3_______________________
INFO:root:
Conf Matrix:
[[0.75 0.25]
 [0.25 0.75]]
INFO:root:
Accuracy: 0.75
INFO:root:
_______________________Fold: 4_______________________
INFO:root:
Conf Matrix:
[[0.25 0.75]
 [0.75 0.25]]
INFO:root:
Accuracy: 0.25
INFO:root:
_______________________Fold: 5_______________________
INFO:root:
Conf Matrix:
[[0.25 0.75]
 [0.25 0.75]]
INFO:root:
Accuracy: 0.5
INFO:root:
_______________________Totlal_______________________
INFO:root:
Conf Matrix:
0.45
INFO:root:
Accuracy: [[0.35 0.65]
 [0.45 0.55]]
INFO:root:
_______________________Fold: 1_______________________
INFO:root:
Conf Matrix:
[[0.75 0.25]
 [0.5  0.5 ]]
INFO:root:
Accuracy: 0.625
INFO:root:
_______________________Fold: 2_______________________
INFO:root:
Conf Matrix:
[[0.5 0.5]
 [0.  1. ]]
INFO:root:
Accuracy: 0.75
INFO:root:
_______________________Fold: 3_______________________
INFO:root:
Conf Matrix:
[[0.75 0.25]
 [0.5  0.5 ]]
INFO:root:
Accuracy: 0.625
INFO:root:
_______________________Fold: 4_______________________
INFO:root:
Conf Matrix:
[[1.  0. ]
 [0.5 0.5]]
INFO:root:
Accuracy: 0.75
INFO:root:
_______________________Fold: 5_______________________
INFO:root:
Conf Matrix:
[[0.25 0.75]
 [0.75 0.25]]
INFO:root:
Accuracy: 0.25
INFO:root:
_______________________Totlal_______________________
INFO:root:
Conf Matrix:
0.6
INFO:root:
Accuracy: [[0.65 0.35]
 [0.45 0.55]]
INFO:root:
_______________________Fold: 1_______________________
INFO:root:
Conf Matrix:
[[0.25 0.75]
 [0.25 0.75]]
INFO:root:
Accuracy: 0.5
INFO:root:
_______________________Fold: 2_______________________
INFO:root:
Conf Matrix:
[[0.5 0.5]
 [0.5 0.5]]
INFO:root:
Accuracy: 0.5
INFO:root:
_______________________Fold: 3_______________________
INFO:root:
Conf Matrix:
[[0.75 0.25]
 [1.   0.  ]]
INFO:root:
Accuracy: 0.375
INFO:root:
_______________________Fold: 4_______________________
INFO:root:
Conf Matrix:
[[0.5 0.5]
 [0.5 0.5]]
INFO:root:
Accuracy: 0.5
INFO:root:
_______________________Fold: 5_______________________
INFO:root:
Conf Matrix:
[[0.5 0.5]
 [0.5 0.5]]
INFO:root:
Accuracy: 0.5
INFO:root:
_______________________Totlal_______________________
INFO:root:
Conf Matrix:
0.475
INFO:root:
Accuracy: [[0.5  0.5 ]
 [0.55 0.45]]
