Classifier: Ridge
 NaN Method: drop

_______________________Subject: P050_______________________

Fold:
1

MSE:
0.04208156625885823

Corr:
0.011406548211188102

Fold:
2

MSE:
0.04000955054711799

Corr:
0.03283774948727982

Fold:
3

MSE:
0.03417528173332146

Corr:
0.021800298542264104

Fold:
4

MSE:
0.03932226611448272

Corr:
0.027713601315465807

Fold:
5

MSE:
0.04385580820899292

Corr:
0.052366391867935624

-----Subject Results:


Average MSE: 0.039888894572554665

Average Corr: 0.029224917884826694
p-value:0.15

_______________________Subject: P055_______________________

Fold:
1

MSE:
0.042110699376979775

Corr:
0.014342878694253939

Fold:
2

MSE:
0.0400570641112016

Corr:
0.01839155246104609

Fold:
3

MSE:
0.034165222085372995

Corr:
0.014690243224535285

Fold:
4

MSE:
0.039413315399950015

Corr:
0.007255888132985608

Fold:
5

MSE:
0.043977606079033005

Corr:
0.0020417315901341978

-----Subject Results:


Average MSE: 0.03994478141050748

Average Corr: 0.011344458820591024
p-value:0.5

_______________________Subject: P056_______________________

Fold:
1

MSE:
0.042052411476688166

Corr:
0.03177260939217851

Fold:
2

MSE:
0.04013903018829015

Corr:
-0.009062046007396345

Fold:
3

MSE:
0.03403751204367784

Corr:
0.06790216039697931

Fold:
4

MSE:
0.03918058928842911

Corr:
0.06997714603328238

Fold:
5

MSE:
0.04384907289391838

Corr:
0.03937981358935491

-----Subject Results:


Average MSE: 0.039851723178200724

Average Corr: 0.039993936680879756
p-value:0.0

_______________________Subject: P058_______________________

Fold:
1

MSE:
0.04216777805225447

Corr:
-0.011750128357564114

Fold:
2

MSE:
0.040131250297259176

Corr:
-0.01588647025901888

Fold:
3

MSE:
0.03423380529279687

Corr:
0.00753208184686311

Fold:
4

MSE:
0.03930409795166074

Corr:
0.03460285609310329

Fold:
5

MSE:
0.04398083980710337

Corr:
0.00574745618564677

-----Subject Results:


Average MSE: 0.039963554280214926

Average Corr: 0.004049159101806036
p-value:0.45

_______________________Subject: P059_______________________

Fold:
1

MSE:
0.04197617635425038

Corr:
0.05319025178432636

Fold:
2

MSE:
0.039961022232297666

Corr:
0.03874330465520637

Fold:
3

MSE:
0.0341001939961574

Corr:
0.056793288543508263

Fold:
4

MSE:
0.03933310958214175

Corr:
0.027660546811360518

Fold:
5

MSE:
0.04391361023223722

Corr:
0.030038873239097468

-----Subject Results:


Average MSE: 0.03985682247941689

Average Corr: 0.041285253006699794
p-value:0.0

_______________________Subject: P069_______________________

Fold:
1

MSE:
0.04208424084263509

Corr:
0.015616110355742629

Fold:
2

MSE:
0.04012378482136628

Corr:
-0.008698719265130241

Fold:
3

MSE:
0.034138950092385434

Corr:
0.023148658617807155

Fold:
4

MSE:
0.03928419329417595

Corr:
0.051531834803781

Fold:
5

MSE:
0.04392483123879646

Corr:
0.03238306249075786

-----Subject Results:


Average MSE: 0.03991120005787184

Average Corr: 0.022796189400591683
p-value:0.1

_______________________Subject: P070_______________________

Fold:
1

MSE:
0.04219047209024052

Corr:
-0.0011693966499859776

Fold:
2

MSE:
0.04012217076682298

Corr:
-0.011703089335778771

Fold:
3

MSE:
0.03415208850442716

Corr:
0.02549081162761855

Fold:
4

MSE:
0.039407301280346106

Corr:
-0.000613899164841932

Fold:
5

MSE:
0.04393469697916506

Corr:
0.0014109340196082902

-----Subject Results:


Average MSE: 0.039961345924200364

Average Corr: 0.002683072099324032
p-value:0.35

_______________________Subject: P071_______________________

Fold:
1

MSE:
0.04202378253816306

Corr:
0.038587376127136856

Fold:
2

MSE:
0.0400982359513489

Corr:
-0.005375164948976527

Fold:
3

MSE:
0.03419626789135363

Corr:
0.01715456734923479

Fold:
4

MSE:
0.0392437319959262

Corr:
0.0627720792560282

Fold:
5

MSE:
0.04402758053677746

Corr:
0.00046264075385419885

-----Subject Results:


Average MSE: 0.03991791978271385

Average Corr: 0.022720299707455503
p-value:0.0

_______________________Subject: P078_______________________

Fold:
1

MSE:
0.04207382104785486

Corr:
0.02320599058724033

Fold:
2

MSE:
0.04016706338759587

Corr:
-0.008055248941361429

Fold:
3

MSE:
0.03419001755971788

Corr:
0.025546708212902836

Fold:
4

MSE:
0.03918011677324309

Corr:
0.07208519303721359

Fold:
5

MSE:
0.04386710868355914

Corr:
0.031061528156756345

-----Subject Results:


Average MSE: 0.039895625490394174

Average Corr: 0.02876883421055033
p-value:0.0

_______________________Subject: P054_______________________

Fold:
1

MSE:
0.04211898435830335

Corr:
-0.006396036528784856

Fold:
2

MSE:
0.04008629525603958

Corr:
-0.0010261420922417553

Fold:
3

MSE:
0.034191861154890965

Corr:
0.024317635685172284

Fold:
4

MSE:
0.03940843720067882

Corr:
-0.00031999507922293285

Fold:
5

MSE:
0.04397731506398774

Corr:
0.0015613225509806925

-----Subject Results:


Average MSE: 0.03995657860678009

Average Corr: 0.0036273569071806856
p-value:0.4

_______________________Subject: P057_______________________

Fold:
1

MSE:
0.04206447279592416

Corr:
0.03029691128396

Fold:
2

MSE:
0.04006697389587951

Corr:
0.0012825875127163015

Fold:
3

MSE:
0.03423271621884033

Corr:
0.015713901074750104

Fold:
4

MSE:
0.03930331275838932

Corr:
0.033395220314047847

Fold:
5

MSE:
0.04405700599877576

Corr:
-0.03007402075376336

-----Subject Results:


Average MSE: 0.03994489633356182

Average Corr: 0.010122919886342178
p-value:0.15

_______________________Subject: P064_______________________

Fold:
1

MSE:
0.042022110748390684

Corr:
0.04134886444734223

Fold:
2

MSE:
0.04005772482833923

Corr:
0.00913841620790625

Fold:
3

MSE:
0.03421613595941519

Corr:
0.0017746181354516453

Fold:
4

MSE:
0.03931485432744209

Corr:
0.030515821563629284

Fold:
5

MSE:
0.04393949211183218

Corr:
0.028875288044507005

-----Subject Results:


Average MSE: 0.039910063595083874

Average Corr: 0.022330601679767283
p-value:0.05

_______________________Subject: P065_______________________

Fold:
1

MSE:
0.04204447314503895

Corr:
0.02786535360140482

Fold:
2

MSE:
0.0400051135479979

Corr:
0.03219387694995819

Fold:
3

MSE:
0.03405512628469059

Corr:
0.05420244569874359

Fold:
4

MSE:
0.03933142156309359

Corr:
0.02267095296309064

Fold:
5

MSE:
0.043946704804919225

Corr:
0.020027353178042474

-----Subject Results:


Average MSE: 0.039876567869148054

Average Corr: 0.03139199647824794
p-value:0.05

_______________________Subject: P067_______________________

Fold:
1

MSE:
0.04213684729073613

Corr:
-0.004491099115250431

Fold:
2

MSE:
0.040042132310540934

Corr:
0.012623052690699169

Fold:
3

MSE:
0.03420361837008328

Corr:
0.012573081300552829

Fold:
4

MSE:
0.03933846208509544

Corr:
0.026075970602977918

Fold:
5

MSE:
0.04400428426029449

Corr:
-0.0007004317275009505

-----Subject Results:


Average MSE: 0.03994506886335006

Average Corr: 0.009216114750295707
p-value:0.35

_______________________Subject: P068_______________________

Fold:
1

MSE:
0.04207636024495062

Corr:
0.017616674186184747

Fold:
2

MSE:
0.04004463467310724

Corr:
0.010924952269215292

Fold:
3

MSE:
0.03420691588911295

Corr:
0.004141523822746666

Fold:
4

MSE:
0.03943068415749273

Corr:
-0.013134224484809942

Fold:
5

MSE:
0.04394308951768877

Corr:
0.023246719053589996

-----Subject Results:


Average MSE: 0.03994033689647046

Average Corr: 0.008559128969385352
p-value:0.25

_______________________Subject: P072_______________________

Fold:
1

MSE:
0.04194102572144656

Corr:
0.05117714910667883

Fold:
2

MSE:
0.040000428982259674

Corr:
0.017413185588010815

Fold:
3

MSE:
0.0341516447660783

Corr:
0.04480968819434477

Fold:
4

MSE:
0.03923187139927249

Corr:
0.046585633504899374

Fold:
5

MSE:
0.04387287239976783

Corr:
0.043175262331442456

-----Subject Results:


Average MSE: 0.039839568653764965

Average Corr: 0.040632183745075254
p-value:0.0

_______________________Subject: P073_______________________

Fold:
1

MSE:
0.042041094684365926

Corr:
0.033848792313658886

Fold:
2

MSE:
0.04000670510809808

Corr:
0.04176840503766208

Fold:
3

MSE:
0.03414575429462741

Corr:
0.04266856176992967

Fold:
4

MSE:
0.039423210726707264

Corr:
-0.0010066206946222264

Fold:
5

MSE:
0.04392842526491151

Corr:
0.03047611800747214

-----Subject Results:


Average MSE: 0.03990903801574204

Average Corr: 0.02955105128682011
p-value:0.0

_______________________Subject: P075_______________________

Fold:
1

MSE:
0.0419811284941106

Corr:
0.04135985441444259

Fold:
2

MSE:
0.04005898469828128

Corr:
0.017882872724243062

Fold:
3

MSE:
0.03412500918438326

Corr:
0.03547313734837736

Fold:
4

MSE:
0.039382041803016306

Corr:
0.015101803871358689

Fold:
5

MSE:
0.0438474117641659

Corr:
0.047582333601433095

-----Subject Results:


Average MSE: 0.03987891518879147

Average Corr: 0.03148000039197096
p-value:0.1

_______________________Subject: P076_______________________

Fold:
1

MSE:
0.04202045846605007

Corr:
0.03422480361747486

Fold:
2

MSE:
0.040252409641523025

Corr:
-0.034632436289022885

Fold:
3

MSE:
0.03408666307706255

Corr:
0.04297389684667854

Fold:
4

MSE:
0.03922902991160134

Corr:
0.05072697258207427

Fold:
5

MSE:
0.04395850003144205

Corr:
0.009698637480584154

-----Subject Results:


Average MSE: 0.039909412225535804

Average Corr: 0.020598374847557787
p-value:0.0

_______________________Subject: P080_______________________

Fold:
1

MSE:
0.04200837666111163

Corr:
0.035375246417179436

Fold:
2

MSE:
0.040000988861905014

Corr:
0.02290747165941402

Fold:
3

MSE:
0.03410510290295794

Corr:
0.03763184091428689

Fold:
4

MSE:
0.0393412980445656

Corr:
0.027463253010502467

Fold:
5

MSE:
0.043946838428085305

Corr:
0.013602151913135536

-----Subject Results:


Average MSE: 0.039880520979725095

Average Corr: 0.027395992782903666
p-value:0.05

_______________________Subject: P081_______________________

Fold:
1

MSE:
0.042174803416404616

Corr:
-0.014626765930386637

Fold:
2

MSE:
0.04000772807201497

Corr:
0.03136359778417634

Fold:
3

MSE:
0.03414803692535735

Corr:
0.034940534206241325

Fold:
4

MSE:
0.03936643463820738

Corr:
0.01534600785308448

Fold:
5

MSE:
0.04394900856966826

Corr:
0.017183536456886563

-----Subject Results:


Average MSE: 0.03992920232433052

Average Corr: 0.016841382074000415
p-value:0.15

_______________________All Subjects Results_______________________


Average MSE:0.03991009698706472

Average Corr:0.021648248795822486
