Classifier: Ridge
 NaN Method: drop

_______________________Subject: P050_______________________

Fold:
1

MSE:
0.8252149369014979

Corr:
-0.0408309779043034

Fold:
2

MSE:
0.9367907602166792

Corr:
-0.054096034313344844

Fold:
3

MSE:
0.6962478644600634

Corr:
-0.0168366173057882

Fold:
4

MSE:
0.6648930367945933

Corr:
-0.027647833918360103

Fold:
5

MSE:
0.8658204386745666

Corr:
0.023877557501320354

-----Subject Results:


Average MSE: 0.7977934074094801

Average Corr: -0.023106781188095234
p-value:0.7

_______________________Subject: P055_______________________

Fold:
1

MSE:
0.8249545368886707

Corr:
-0.036488272448618464

Fold:
2

MSE:
0.9375634126899526

Corr:
-0.006014476648608455

Fold:
3

MSE:
0.6934943937680207

Corr:
0.017231059962800957

Fold:
4

MSE:
0.6668479684230841

Corr:
-0.011674667995927904

Fold:
5

MSE:
0.8678564133508775

Corr:
0.02875543468503286

-----Subject Results:


Average MSE: 0.7981433450241211

Average Corr: -0.001638184489064201
p-value:0.7

_______________________Subject: P056_______________________

Fold:
1

MSE:
0.8275341154360978

Corr:
-0.0436037174602732

Fold:
2

MSE:
0.939152213155665

Corr:
-0.039435232181819234

Fold:
3

MSE:
0.6995110735196606

Corr:
-0.022007584392965046

Fold:
4

MSE:
0.6636066776670471

Corr:
0.03867239929257492

Fold:
5

MSE:
0.8620893712727433

Corr:
0.04756824458205417

-----Subject Results:


Average MSE: 0.7983786902102428

Average Corr: -0.0037611780320856783
p-value:0.6

_______________________Subject: P058_______________________

Fold:
1

MSE:
0.8263150964246743

Corr:
-0.06306163248973085

Fold:
2

MSE:
0.9357924588159671

Corr:
0.0026608316899109246

Fold:
3

MSE:
0.6990503936604986

Corr:
-0.050971289403284784

Fold:
4

MSE:
0.6640773686188881

Corr:
0.032535041788507094

Fold:
5

MSE:
0.8675533367490356

Corr:
-0.015534770682589823

-----Subject Results:


Average MSE: 0.7985577308538128

Average Corr: -0.018874363819437488
p-value:0.8

_______________________Subject: P059_______________________

Fold:
1

MSE:
0.8200765314885103

Corr:
0.04118664992694813

Fold:
2

MSE:
0.9359007701213283

Corr:
0.014809503664922922

Fold:
3

MSE:
0.6960456639867794

Corr:
0.012130833993312688

Fold:
4

MSE:
0.6622909971718718

Corr:
0.03516745174265013

Fold:
5

MSE:
0.8755643218612684

Corr:
0.0285909895383706

-----Subject Results:


Average MSE: 0.7979756569259517

Average Corr: 0.026377085773240893
p-value:0.15

_______________________Subject: P069_______________________

Fold:
1

MSE:
0.8218773773297476

Corr:
-0.007451340924560312

Fold:
2

MSE:
0.9353474225631709

Corr:
0.045575841904038586

Fold:
3

MSE:
0.6957438933284266

Corr:
-0.0040627032548551266

Fold:
4

MSE:
0.6639698564503791

Corr:
0.07681633430724011

Fold:
5

MSE:
0.8692464014533374

Corr:
-0.03488369231932254

-----Subject Results:


Average MSE: 0.7972369902250124

Average Corr: 0.015198887942508144
p-value:0.45

_______________________Subject: P070_______________________

Fold:
1

MSE:
0.822808567517396

Corr:
-0.035605877592866174

Fold:
2

MSE:
0.9362926060637211

Corr:
-0.01989106425304285

Fold:
3

MSE:
0.6944604951576827

Corr:
0.004654831792354179

Fold:
4

MSE:
0.6670861894116304

Corr:
-0.025241977467194438

Fold:
5

MSE:
0.871157392992186

Corr:
-0.048549406236495486

-----Subject Results:


Average MSE: 0.7983610502285233

Average Corr: -0.024926698751448956
p-value:0.85

_______________________Subject: P071_______________________

Fold:
1

MSE:
0.8253895032965701

Corr:
-0.054524516847587995

Fold:
2

MSE:
0.9362771175906955

Corr:
0.016331458670304957

Fold:
3

MSE:
0.6926204623303681

Corr:
0.03381728339271471

Fold:
4

MSE:
0.6671134629642992

Corr:
0.06430689379421879

Fold:
5

MSE:
0.8675579249534774

Corr:
0.011237047279889124

-----Subject Results:


Average MSE: 0.7977916942270821

Average Corr: 0.014233633257907918
p-value:0.15

_______________________Subject: P078_______________________

Fold:
1

MSE:
0.8200344297911573

Corr:
0.0069160524470373835

Fold:
2

MSE:
0.9363853098829102

Corr:
-0.014373537987746437

Fold:
3

MSE:
0.6974149404010019

Corr:
0.02029355624798847

Fold:
4

MSE:
0.6625692777278255

Corr:
0.06313509665839465

Fold:
5

MSE:
0.8668612273886931

Corr:
-0.009377157779281666

-----Subject Results:


Average MSE: 0.7966530370383177

Average Corr: 0.01331880191727848
p-value:0.3

_______________________Subject: P054_______________________

Fold:
1

MSE:
0.8258218358184196

Corr:
-0.05317784154040609

Fold:
2

MSE:
0.9409166784370951

Corr:
-0.0823479730500986

Fold:
3

MSE:
0.698112871564096

Corr:
0.010780642695752005

Fold:
4

MSE:
0.6686789212662565

Corr:
-0.042997127692244966

Fold:
5

MSE:
0.8700464054088677

Corr:
-0.023182819313493325

-----Subject Results:


Average MSE: 0.800715342498947

Average Corr: -0.0381850237800982
p-value:0.95

_______________________Subject: P057_______________________

Fold:
1

MSE:
0.8225883566885954

Corr:
-0.0457939687557713

Fold:
2

MSE:
0.9327968661224331

Corr:
-0.029175701934560323

Fold:
3

MSE:
0.694227080382072

Corr:
0.013897282715491422

Fold:
4

MSE:
0.6646063963470635

Corr:
0.015711733050057707

Fold:
5

MSE:
0.8689390334478333

Corr:
-0.01660767538897877

-----Subject Results:


Average MSE: 0.7966315465975995

Average Corr: -0.01239366606275225
p-value:0.85

_______________________Subject: P064_______________________

Fold:
1

MSE:
0.8233849418836439

Corr:
-0.005587754549430051

Fold:
2

MSE:
0.9354345588197394

Corr:
0.0356338801258774

Fold:
3

MSE:
0.6923532438638255

Corr:
0.01249586177019741

Fold:
4

MSE:
0.6650795229479872

Corr:
0.00676701516452283

Fold:
5

MSE:
0.8682924136380098

Corr:
0.045431718027697625

-----Subject Results:


Average MSE: 0.7969089362306411

Average Corr: 0.01894814410777304
p-value:0.25

_______________________Subject: P065_______________________

Fold:
1

MSE:
0.8240888678233216

Corr:
-0.047569812340775834

Fold:
2

MSE:
0.9373224526582554

Corr:
0.001278727061142331

Fold:
3

MSE:
0.6934010063924182

Corr:
0.06462986468885373

Fold:
4

MSE:
0.6622755475705288

Corr:
0.04511475005369562

Fold:
5

MSE:
0.8690811757652817

Corr:
0.054890571256498155

-----Subject Results:


Average MSE: 0.7972338100419611

Average Corr: 0.0236688201438828
p-value:0.1

_______________________Subject: P067_______________________

Fold:
1

MSE:
0.8244631824965436

Corr:
-0.010776702092414776

Fold:
2

MSE:
0.9384504494685038

Corr:
-0.033536395226133546

Fold:
3

MSE:
0.6956985312189051

Corr:
-0.0230131779338972

Fold:
4

MSE:
0.6657988962128372

Corr:
-0.017748574161603827

Fold:
5

MSE:
0.8724185298999269

Corr:
0.008360156074183339

-----Subject Results:


Average MSE: 0.7993659178593433

Average Corr: -0.015342938667973205
p-value:0.6

_______________________Subject: P068_______________________

Fold:
1

MSE:
0.8244889938515774

Corr:
-0.04025620082760927

Fold:
2

MSE:
0.9355581835794293

Corr:
0.008301502552509893

Fold:
3

MSE:
0.6961920560777619

Corr:
-0.02244278085315878

Fold:
4

MSE:
0.6673842754790478

Corr:
-0.0507311076674903

Fold:
5

MSE:
0.8655363295646396

Corr:
0.012347143429686581

-----Subject Results:


Average MSE: 0.7978319677104913

Average Corr: -0.018556288673212372
p-value:0.55

_______________________Subject: P072_______________________

Fold:
1

MSE:
0.8217600515849106

Corr:
-0.036350104531374584

Fold:
2

MSE:
0.9349712940939657

Corr:
-0.00869108811957073

Fold:
3

MSE:
0.6971903845346581

Corr:
-0.016099742910994298

Fold:
4

MSE:
0.659912075534849

Corr:
0.02691037818321664

Fold:
5

MSE:
0.866086552631948

Corr:
0.013501917475018606

-----Subject Results:


Average MSE: 0.7959840716760662

Average Corr: -0.004145727980740874
p-value:0.6

_______________________Subject: P073_______________________

Fold:
1

MSE:
0.8242308670640547

Corr:
-0.02841440067032962

Fold:
2

MSE:
0.9349163787189104

Corr:
0.03893308303211439

Fold:
3

MSE:
0.6960938953424579

Corr:
-0.013726486930427845

Fold:
4

MSE:
0.6665761314306151

Corr:
0.0005150205561181893

Fold:
5

MSE:
0.866827403822181

Corr:
0.02788115488790717

-----Subject Results:


Average MSE: 0.7977289352756438

Average Corr: 0.005037674175076457
p-value:0.35

_______________________Subject: P075_______________________

Fold:
1

MSE:
0.8226650572527454

Corr:
-0.024582661695553034

Fold:
2

MSE:
0.9356751586418162

Corr:
-0.006089211890879928

Fold:
3

MSE:
0.6938283786951401

Corr:
0.02119905024081983

Fold:
4

MSE:
0.6686076384677764

Corr:
0.013406304487113574

Fold:
5

MSE:
0.8662505281938568

Corr:
0.03976899302690888

-----Subject Results:


Average MSE: 0.797405352250267

Average Corr: 0.008740494833681865
p-value:0.35

_______________________Subject: P076_______________________

Fold:
1

MSE:
0.8258892985179374

Corr:
-0.04172472469487496

Fold:
2

MSE:
0.9392991254167045

Corr:
-0.017277268030400573

Fold:
3

MSE:
0.6945612176540704

Corr:
0.06036348197646859

Fold:
4

MSE:
0.6642919453096985

Corr:
0.011801009881747176

Fold:
5

MSE:
0.8676761518866659

Corr:
-0.00527510579497041

-----Subject Results:


Average MSE: 0.7983435477570153

Average Corr: 0.0015774786675939636
p-value:0.5

_______________________Subject: P080_______________________

Fold:
1

MSE:
0.8228875825285888

Corr:
-0.018031693625959817

Fold:
2

MSE:
0.9368387213864027

Corr:
-0.02103422924194571

Fold:
3

MSE:
0.6946853020731526

Corr:
-0.0037533112917692234

Fold:
4

MSE:
0.6654486865935818

Corr:
0.05392582948307293

Fold:
5

MSE:
0.8684319516579434

Corr:
0.01789091358101591

-----Subject Results:


Average MSE: 0.7976584488479339

Average Corr: 0.005799501780882818
p-value:0.35

_______________________Subject: P081_______________________

Fold:
1

MSE:
0.8275740495499004

Corr:
-0.12009208304663303

Fold:
2

MSE:
0.936247632125915

Corr:
-0.012972069329986194

Fold:
3

MSE:
0.6985338214944159

Corr:
-0.03827178462489006

Fold:
4

MSE:
0.6683297171905012

Corr:
-0.010478036827386605

Fold:
5

MSE:
0.8656531777946672

Corr:
-0.008700521669854813

-----Subject Results:


Average MSE: 0.79926767963108

Average Corr: -0.03810289909975014
p-value:0.95

_______________________All Subjects Results_______________________


Average MSE:0.7979031980247396

Average Corr:-0.003149201330706296
