Classifier: Ridge
 NaN Method: drop

_______________________Subject: P050_______________________

Fold:
1

MSE:
0.031288367612809204

Corr:
-0.008572195756146065

Fold:
2

MSE:
0.03436823070040444

Corr:
-0.016762484348798803

Fold:
3

MSE:
0.029071251393710293

Corr:
0.03448803645083538

Fold:
4

MSE:
0.028542340895307827

Corr:
0.040391738912231835

Fold:
5

MSE:
0.03270625573539323

Corr:
0.04420049371175392

-----Subject Results:


Average MSE: 0.031195289267525

Average Corr: 0.018749117793975253
p-value:0.1

_______________________Subject: P055_______________________

Fold:
1

MSE:
0.031280665230660296

Corr:
-0.0011177607475537025

Fold:
2

MSE:
0.03436299202064908

Corr:
-0.01091370619747387

Fold:
3

MSE:
0.02907823914375618

Corr:
0.0208983417174512

Fold:
4

MSE:
0.02858020528478751

Corr:
0.023572350656895422

Fold:
5

MSE:
0.032771550543903044

Corr:
0.010431643560034414

-----Subject Results:


Average MSE: 0.031214730444751225

Average Corr: 0.008574173797870694
p-value:0.3

_______________________Subject: P056_______________________

Fold:
1

MSE:
0.031337376190743976

Corr:
-0.010129088199825985

Fold:
2

MSE:
0.03436511999330875

Corr:
-0.0035497397208541803

Fold:
3

MSE:
0.029182027623161366

Corr:
-0.007423262429917727

Fold:
4

MSE:
0.028516422963218865

Corr:
0.05976692628023315

Fold:
5

MSE:
0.03265438306885481

Corr:
0.062427595633897

-----Subject Results:


Average MSE: 0.031211065967857554

Average Corr: 0.020218486312706452
p-value:0.15

_______________________Subject: P058_______________________

Fold:
1

MSE:
0.03131583006330329

Corr:
-0.01320539387713164

Fold:
2

MSE:
0.03432177955481893

Corr:
0.007152109639618869

Fold:
3

MSE:
0.02916339332043961

Corr:
-0.004603847859302482

Fold:
4

MSE:
0.028549964289237267

Corr:
0.044352014611770095

Fold:
5

MSE:
0.032766667642188683

Corr:
0.009926450656806056

-----Subject Results:


Average MSE: 0.031223526973997558

Average Corr: 0.00872426663435218
p-value:0.4

_______________________Subject: P059_______________________

Fold:
1

MSE:
0.031167332261236632

Corr:
0.04471500074878599

Fold:
2

MSE:
0.03428450885402585

Corr:
0.017930097477081

Fold:
3

MSE:
0.02906582976099048

Corr:
0.04670177959846285

Fold:
4

MSE:
0.028557243428515993

Corr:
0.03927240855446257

Fold:
5

MSE:
0.03276768741540556

Corr:
0.024383706906856886

-----Subject Results:


Average MSE: 0.0311685203440349

Average Corr: 0.034600598657129854
p-value:0.05

_______________________Subject: P069_______________________

Fold:
1

MSE:
0.03126194841683431

Corr:
0.001228449051547985

Fold:
2

MSE:
0.03428475156595967

Corr:
0.03782425773598391

Fold:
3

MSE:
0.029115289872029215

Corr:
0.003663149387935548

Fold:
4

MSE:
0.028544783446652167

Corr:
0.043640108716504665

Fold:
5

MSE:
0.03280261833870339

Corr:
0.007149162877247985

-----Subject Results:


Average MSE: 0.031201878328035747

Average Corr: 0.01870102555384402
p-value:0.15

_______________________Subject: P070_______________________

Fold:
1

MSE:
0.031233815791609252

Corr:
0.009887389537615962

Fold:
2

MSE:
0.03433457564846466

Corr:
0.006859215651218836

Fold:
3

MSE:
0.029091014824200113

Corr:
0.030992232035679024

Fold:
4

MSE:
0.028597933749265822

Corr:
0.01655016217971833

Fold:
5

MSE:
0.03283449354422125

Corr:
-0.031035444928603193

-----Subject Results:


Average MSE: 0.03121836671155222

Average Corr: 0.0066507108951257944
p-value:0.45

_______________________Subject: P071_______________________

Fold:
1

MSE:
0.03126191857658803

Corr:
-0.012554040256471097

Fold:
2

MSE:
0.03433391985082355

Corr:
-0.002294608461585122

Fold:
3

MSE:
0.02906741322553884

Corr:
0.036696684072772

Fold:
4

MSE:
0.028586148993871907

Corr:
0.03102847873589003

Fold:
5

MSE:
0.032787237959294245

Corr:
0.012331818618384617

-----Subject Results:


Average MSE: 0.03120732772122331

Average Corr: 0.013041666541798086
p-value:0.25

_______________________Subject: P078_______________________

Fold:
1

MSE:
0.031208224410710157

Corr:
0.0240437209741401

Fold:
2

MSE:
0.034324270692014526

Corr:
0.013881525405557493

Fold:
3

MSE:
0.02910961833069918

Corr:
0.029550932953652694

Fold:
4

MSE:
0.02848609692629861

Corr:
0.06842209095105822

Fold:
5

MSE:
0.0327467948166966

Corr:
0.022041531811349213

-----Subject Results:


Average MSE: 0.03117500103528382

Average Corr: 0.031587960419151545
p-value:0.0

_______________________Subject: P054_______________________

Fold:
1

MSE:
0.03129315710701067

Corr:
-0.027071272485504144

Fold:
2

MSE:
0.03445079466995148

Corr:
-0.04589014096984338

Fold:
3

MSE:
0.0291164416010417

Corr:
0.01716427977111304

Fold:
4

MSE:
0.028664620526978036

Corr:
-0.014733552706032537

Fold:
5

MSE:
0.03280227681454464

Corr:
-0.004463799600249487

-----Subject Results:


Average MSE: 0.03126545814390531

Average Corr: -0.014998897198103303
p-value:0.85

_______________________Subject: P057_______________________

Fold:
1

MSE:
0.03122401193859071

Corr:
0.01982518375118491

Fold:
2

MSE:
0.03425906698820266

Corr:
0.034272423487162966

Fold:
3

MSE:
0.0290800698092052

Corr:
0.05120979528333402

Fold:
4

MSE:
0.028519245083014705

Corr:
0.029029376411192045

Fold:
5

MSE:
0.03279506211079405

Corr:
-0.0010421456522807268

-----Subject Results:


Average MSE: 0.031175491185961468

Average Corr: 0.02665892665611864
p-value:0.05

_______________________Subject: P064_______________________

Fold:
1

MSE:
0.03122198842520955

Corr:
0.018884662701247827

Fold:
2

MSE:
0.034284006838891

Corr:
0.028982271996238016

Fold:
3

MSE:
0.02906318630533286

Corr:
0.03744117952316561

Fold:
4

MSE:
0.028584976432053117

Corr:
0.015040049364336866

Fold:
5

MSE:
0.032774120739843586

Corr:
0.023032148518594756

-----Subject Results:


Average MSE: 0.03118565574826602

Average Corr: 0.024676062420716616
p-value:0.0

_______________________Subject: P065_______________________

Fold:
1

MSE:
0.03127786321736239

Corr:
-0.010322930084415306

Fold:
2

MSE:
0.034369579481226216

Corr:
0.002175169992213849

Fold:
3

MSE:
0.028998260381381022

Corr:
0.06553522989789039

Fold:
4

MSE:
0.028551752080615417

Corr:
0.0386829536133806

Fold:
5

MSE:
0.032775215803290486

Corr:
0.017330343899714634

-----Subject Results:


Average MSE: 0.031194534192775104

Average Corr: 0.022680153463756833
p-value:0.1

_______________________Subject: P067_______________________

Fold:
1

MSE:
0.03126149594279266

Corr:
-0.011008360273691386

Fold:
2

MSE:
0.034401261720898794

Corr:
-0.027111640065948864

Fold:
3

MSE:
0.029119411508760434

Corr:
0.0018939139626172575

Fold:
4

MSE:
0.028619667087534783

Corr:
0.0030822357533157193

Fold:
5

MSE:
0.03281091331500335

Corr:
-0.007007480675488744

-----Subject Results:


Average MSE: 0.031242549914998002

Average Corr: -0.008030266259839203
p-value:0.55

_______________________Subject: P068_______________________

Fold:
1

MSE:
0.031256816638779474

Corr:
-0.0006005791192581169

Fold:
2

MSE:
0.034298443629594715

Corr:
0.017201322803499227

Fold:
3

MSE:
0.029118282452921824

Corr:
0.014854734001623363

Fold:
4

MSE:
0.028596360896549152

Corr:
0.021364414110720212

Fold:
5

MSE:
0.03272049056728652

Corr:
0.03817228339781511

-----Subject Results:


Average MSE: 0.031198078837026338

Average Corr: 0.018198435038879957
p-value:0.05

_______________________Subject: P072_______________________

Fold:
1

MSE:
0.0312207624986386

Corr:
0.024581304359677314

Fold:
2

MSE:
0.03425200315245868

Corr:
0.031175929265341486

Fold:
3

MSE:
0.029165228850689878

Corr:
0.01726802146657693

Fold:
4

MSE:
0.02842673836282855

Corr:
0.07237359535127462

Fold:
5

MSE:
0.032651431125000054

Corr:
0.06020319521712677

-----Subject Results:


Average MSE: 0.031143232797923154

Average Corr: 0.04112040913199943
p-value:0.0

_______________________Subject: P073_______________________

Fold:
1

MSE:
0.031224841499327183

Corr:
0.01506768206700728

Fold:
2

MSE:
0.0343047398509122

Corr:
0.02151948086091517

Fold:
3

MSE:
0.029093941057699076

Corr:
0.01812240178743488

Fold:
4

MSE:
0.028617070150397952

Corr:
0.019234544886538526

Fold:
5

MSE:
0.032747249786474426

Corr:
0.032642402457751504

-----Subject Results:


Average MSE: 0.031197568468962166

Average Corr: 0.021317302411929473
p-value:0.15

_______________________Subject: P075_______________________

Fold:
1

MSE:
0.03123780166760946

Corr:
0.003920142711583174

Fold:
2

MSE:
0.03432857014290653

Corr:
-0.0033884574053337437

Fold:
3

MSE:
0.029051868994265578

Corr:
0.040079026789849356

Fold:
4

MSE:
0.02861536654861693

Corr:
0.009166951935334714

Fold:
5

MSE:
0.03269678119260536

Corr:
0.03340613863623952

-----Subject Results:


Average MSE: 0.03118607770920077

Average Corr: 0.016636760533534606
p-value:0.15

_______________________Subject: P076_______________________

Fold:
1

MSE:
0.03127720790869041

Corr:
-0.00472304484123926

Fold:
2

MSE:
0.03439545428617083

Corr:
-0.007146558025034539

Fold:
3

MSE:
0.029068041351306667

Corr:
0.0392424692413162

Fold:
4

MSE:
0.028575835287342283

Corr:
0.02876374069288117

Fold:
5

MSE:
0.0327697314221952

Corr:
0.013813355205808566

-----Subject Results:


Average MSE: 0.031217254051141074

Average Corr: 0.013989992454746428
p-value:0.05

_______________________Subject: P080_______________________

Fold:
1

MSE:
0.03125417009391637

Corr:
0.001733126119908161

Fold:
2

MSE:
0.034342297457319225

Corr:
0.0006944203889254239

Fold:
3

MSE:
0.029077575023480264

Corr:
0.021464605996082027

Fold:
4

MSE:
0.02857468926875795

Corr:
0.03319109705509927

Fold:
5

MSE:
0.032772299809605

Corr:
0.012894313499536026

-----Subject Results:


Average MSE: 0.031204206330615762

Average Corr: 0.013995512611910182
p-value:0.1

_______________________Subject: P081_______________________

Fold:
1

MSE:
0.03135035175867717

Corr:
-0.05590005980454575

Fold:
2

MSE:
0.03434163848449125

Corr:
0.012511782981378073

Fold:
3

MSE:
0.029148062218888337

Corr:
-0.005383564594176693

Fold:
4

MSE:
0.028601747419754894

Corr:
0.006761069715041856

Fold:
5

MSE:
0.032770444056028775

Corr:
0.011171270850845853

-----Subject Results:


Average MSE: 0.03124244878756809

Average Corr: -0.006167900170291333
p-value:0.7

_______________________All Subjects Results_______________________


Average MSE:0.031203250617266882

Average Corr:0.0157583094143482
